<?xml version="1.0" encoding="UTF-8"?>
<testsuite xmlns:xsi="http://www.w3.org/2001/XMLSchema-instance" xsi:noNamespaceSchemaLocation="https://maven.apache.org/surefire/maven-surefire-plugin/xsd/surefire-test-report-3.0.xsd" version="3.0" name="com.simonky.usuarios.repository.UsuarioRepositoryTest" time="2.222" tests="2" errors="0" skipped="0" failures="0">
  <properties>
[...]
</properties>
  <testcase name="eliminarPelicula" classname="com.simonky.usuarios.repository.UsuarioRepositoryTest" time="0.083">
    <system-out><![CDATA[2024-04-25T13:03:06.389-04:00 DEBUG 19676 --- [usuarios] [           main] b.t.a.o.j.DataJpaTestContextBootstrapper : Neither @ContextConfiguration nor @ContextHierarchy found for test class [UsuarioRepositoryTest]: using SpringBootContextLoader
2024-04-25T13:03:06.389-04:00 DEBUG 19676 --- [usuarios] [           main] o.s.t.c.support.AbstractContextLoader    : Could not detect default resource locations for test class [com.simonky.usuarios.repository.UsuarioRepositoryTest]: no resource found for suffixes {-context.xml, Context.groovy}.
2024-04-25T13:03:06.389-04:00  INFO 19676 --- [usuarios] [           main] t.c.s.AnnotationConfigContextLoaderUtils : Could not detect default configuration classes for test class [com.simonky.usuarios.repository.UsuarioRepositoryTest]: UsuarioRepositoryTest does not declare any static, non-private, non-final, nested classes annotated with @Configuration.
2024-04-25T13:03:06.394-04:00 DEBUG 19676 --- [usuarios] [           main] b.t.a.o.j.DataJpaTestContextBootstrapper : Using ContextCustomizerFactory implementations for test class [UsuarioRepositoryTest]: [ImportsContextCustomizerFactory, ExcludeFilterContextCustomizerFactory, HttpGraphQlTesterContextCustomizerFactory, DuplicateJsonObjectContextCustomizerFactory, MockitoContextCustomizerFactory, TestRestTemplateContextCustomizerFactory, WebTestClientContextCustomizerFactory, OverrideAutoConfigurationContextCustomizerFactory, ObservabilityContextCustomizerFactory, TypeExcludeFiltersContextCustomizerFactory, PropertyMappingContextCustomizerFactory, WebDriverContextCustomizerFactory, MockServerContainerContextCustomizerFactory, DynamicPropertiesContextCustomizerFactory]
2024-04-25T13:03:06.400-04:00 DEBUG 19676 --- [usuarios] [           main] b.t.a.o.j.DataJpaTestContextBootstrapper : Using ContextCustomizers for test class [UsuarioRepositoryTest]: [ImportsContextCustomizer, ExcludeFilterContextCustomizer, DuplicateJsonObjectContextCustomizer, MockitoContextCustomizer, DisableAutoConfigurationContextCustomizer, DisableObservabilityContextCustomizer, TypeExcludeFiltersContextCustomizer, PropertyMappingContextCustomizer, WebDriverContextCustomizer]
2024-04-25T13:03:06.407-04:00 DEBUG 19676 --- [usuarios] [           main] ssPathScanningCandidateComponentProvider : Identified candidate component class: file [C:\Users\simon\OneDrive\Documentos\DuocUC\Prog\S8\usuariosexp1\usuarios\target\classes\com\simonky\usuarios\UsuariosApplication.class]
2024-04-25T13:03:06.407-04:00  INFO 19676 --- [usuarios] [           main] .b.t.c.SpringBootTestContextBootstrapper : Found @SpringBootConfiguration com.simonky.usuarios.UsuariosApplication for test class com.simonky.usuarios.repository.UsuarioRepositoryTest
2024-04-25T13:03:06.407-04:00 DEBUG 19676 --- [usuarios] [           main] .s.t.c.u.TestContextSpringFactoriesUtils : Skipping candidate TestExecutionListener [org.springframework.test.context.observation.MicrometerObservationRegistryTestExecutionListener] due to a missing dependency. Specify custom TestExecutionListener classes or make the default TestExecutionListener classes and their required dependencies available. Offending class: io.micrometer.context.ThreadLocalAccessor. MicrometerObservationRegistryTestExecutionListener requires io.micrometer:micrometer-observation:1.10.8 or higher and io.micrometer:context-propagation:1.0.3 or higher.
2024-04-25T13:03:06.412-04:00 DEBUG 19676 --- [usuarios] [           main] b.t.a.o.j.DataJpaTestContextBootstrapper : Using TestExecutionListeners for test class [UsuarioRepositoryTest]: [ServletTestExecutionListener, DirtiesContextBeforeModesTestExecutionListener, ApplicationEventsTestExecutionListener, MockitoTestExecutionListener, DependencyInjectionTestExecutionListener, DirtiesContextTestExecutionListener, TransactionalTestExecutionListener, SqlScriptsTestExecutionListener, EventPublishingTestExecutionListener, ResetMocksTestExecutionListener, RestDocsTestExecutionListener, MockRestServiceServerResetTestExecutionListener, MockMvcPrintOnlyOnFailureTestExecutionListener, WebDriverTestExecutionListener, MockWebServiceServerTestExecutionListener]
2024-04-25T13:03:06.412-04:00 DEBUG 19676 --- [usuarios] [           main] sContextBeforeModesTestExecutionListener : Before test class: class [UsuarioRepositoryTest], class annotated with @DirtiesContext [false] with mode [null]
2024-04-25T13:03:06.413-04:00 DEBUG 19676 --- [usuarios] [           main] DependencyInjectionTestExecutionListener : Performing dependency injection for test class com.simonky.usuarios.repository.UsuarioRepositoryTest
2024-04-25T13:03:06.413-04:00  INFO 19676 --- [usuarios] [           main] o.s.b.d.r.RestartApplicationListener     : Restart disabled due to context in which it is running
2024-04-25T13:03:06.425-04:00 DEBUG 19676 --- [usuarios] [           main] o.s.boot.ApplicationEnvironment          : Activating profiles []
2024-04-25T13:03:06.431-04:00 DEBUG 19676 --- [usuarios] [           main] o.s.c.e.PropertySourcesPropertyResolver  : Found key 'spring.application.name' in PropertySource 'configurationProperties' with value of type String

  .   ____          _            __ _ _
 /\\ / ___'_ __ _ _(_)_ __  __ _ \ \ \ \
( ( )\___ | '_ | '_| | '_ \/ _` | \ \ \ \
 \\/  ___)| |_)| | | | | || (_| |  ) ) ) )
  '  |____| .__|_| |_|_| |_\__, | / / / /
 =========|_|==============|___/=/_/_/_/
 :: Spring Boot ::                (v3.2.4)

2024-04-25T13:03:06.437-04:00  INFO 19676 --- [usuarios] [           main] c.s.u.repository.UsuarioRepositoryTest   : Starting UsuarioRepositoryTest using Java 21.0.2 with PID 19676 (started by simon in C:\Users\simon\OneDrive\Documentos\DuocUC\Prog\S8\usuariosexp1\usuarios)
2024-04-25T13:03:06.437-04:00  INFO 19676 --- [usuarios] [           main] c.s.u.repository.UsuarioRepositoryTest   : No active profile set, falling back to 1 default profile: "default"
2024-04-25T13:03:06.437-04:00 DEBUG 19676 --- [usuarios] [           main] o.s.boot.SpringApplication               : Loading source class com.simonky.usuarios.UsuariosApplication
2024-04-25T13:03:06.437-04:00 DEBUG 19676 --- [usuarios] [           main] s.c.a.AnnotationConfigApplicationContext : Refreshing org.springframework.context.annotation.AnnotationConfigApplicationContext@2567c091
2024-04-25T13:03:06.437-04:00 DEBUG 19676 --- [usuarios] [           main] o.s.b.f.s.DefaultListableBeanFactory     : Creating shared instance of singleton bean 'org.springframework.context.annotation.internalConfigurationAnnotationProcessor'
2024-04-25T13:03:06.437-04:00 DEBUG 19676 --- [usuarios] [           main] o.s.b.f.s.DefaultListableBeanFactory     : Creating shared instance of singleton bean 'org.springframework.boot.autoconfigure.internalCachingMetadataReaderFactory'
2024-04-25T13:03:06.637-04:00  INFO 19676 --- [usuarios] [           main] .s.d.r.c.RepositoryConfigurationDelegate : Bootstrapping Spring Data JPA repositories in DEFAULT mode.
2024-04-25T13:03:06.637-04:00 DEBUG 19676 --- [usuarios] [           main] o.s.b.f.s.DefaultListableBeanFactory     : Creating shared instance of singleton bean 'org.springframework.boot.autoconfigure.AutoConfigurationPackages'
2024-04-25T13:03:06.637-04:00 DEBUG 19676 --- [usuarios] [           main] o.s.b.a.AutoConfigurationPackages        : @EnableAutoConfiguration was declared on a class in the package 'com.simonky.usuarios'. Automatic @Repository and @Entity scanning is enabled.
2024-04-25T13:03:06.637-04:00 DEBUG 19676 --- [usuarios] [           main] .s.d.r.c.RepositoryConfigurationDelegate : Scanning for JPA repositories in packages com.simonky.usuarios.
2024-04-25T13:03:06.652-04:00 DEBUG 19676 --- [usuarios] [           main] o.s.d.r.c.RepositoryComponentProvider    : Identified candidate component class: file [C:\Users\simon\OneDrive\Documentos\DuocUC\Prog\S8\usuariosexp1\usuarios\target\classes\com\simonky\usuarios\repository\DireccionRepository.class]
2024-04-25T13:03:06.652-04:00 DEBUG 19676 --- [usuarios] [           main] o.s.d.r.c.RepositoryComponentProvider    : Identified candidate component class: file [C:\Users\simon\OneDrive\Documentos\DuocUC\Prog\S8\usuariosexp1\usuarios\target\classes\com\simonky\usuarios\repository\RolRepository.class]
2024-04-25T13:03:06.652-04:00 DEBUG 19676 --- [usuarios] [           main] o.s.d.r.c.RepositoryComponentProvider    : Identified candidate component class: file [C:\Users\simon\OneDrive\Documentos\DuocUC\Prog\S8\usuariosexp1\usuarios\target\classes\com\simonky\usuarios\repository\UsuarioRepository.class]
2024-04-25T13:03:06.668-04:00 DEBUG 19676 --- [usuarios] [           main] ssPathScanningCandidateComponentProvider : Identified candidate component class: file [C:\Users\simon\OneDrive\Documentos\DuocUC\Prog\S8\usuariosexp1\usuarios\target\classes\com\simonky\usuarios\service\UsuarioServiceImpl.class]
2024-04-25T13:03:06.668-04:00  INFO 19676 --- [usuarios] [           main] .s.d.r.c.RepositoryConfigurationDelegate : Finished Spring Data repository scanning in 34 ms. Found 3 JPA repository interfaces.
2024-04-25T13:03:06.700-04:00 DEBUG 19676 --- [usuarios] [           main] o.s.b.f.s.DefaultListableBeanFactory     : Creating shared instance of singleton bean 'org.springframework.boot.test.context.ImportsContextCustomizer$ImportsCleanupPostProcessor'
2024-04-25T13:03:06.700-04:00 DEBUG 19676 --- [usuarios] [           main] o.s.b.f.s.DefaultListableBeanFactory     : Creating shared instance of singleton bean 'org.springframework.boot.test.mock.mockito.MockitoPostProcessor'
2024-04-25T13:03:06.715-04:00 DEBUG 19676 --- [usuarios] [           main] o.s.b.f.s.DefaultListableBeanFactory     : Creating shared instance of singleton bean 'emBeanDefinitionRegistrarPostProcessor'
2024-04-25T13:03:06.716-04:00 DEBUG 19676 --- [usuarios] [           main] o.s.b.f.s.DefaultListableBeanFactory     : Creating shared instance of singleton bean 'org.springframework.boot.sql.init.dependency.DatabaseInitializationDependencyConfigurer$DependsOnDatabaseInitializationPostProcessor'
2024-04-25T13:03:06.734-04:00 DEBUG 19676 --- [usuarios] [           main] o.s.b.f.s.DefaultListableBeanFactory     : Creating shared instance of singleton bean 'org.springframework.context.event.internalEventListenerProcessor'
2024-04-25T13:03:06.734-04:00 DEBUG 19676 --- [usuarios] [           main] o.s.b.f.s.DefaultListableBeanFactory     : Creating shared instance of singleton bean 'org.springframework.context.event.internalEventListenerFactory'
2024-04-25T13:03:06.734-04:00 DEBUG 19676 --- [usuarios] [           main] o.s.b.f.s.DefaultListableBeanFactory     : Creating shared instance of singleton bean 'org.springframework.transaction.config.internalTransactionalEventListenerFactory'
2024-04-25T13:03:06.734-04:00 DEBUG 19676 --- [usuarios] [           main] o.s.b.f.s.DefaultListableBeanFactory     : Creating shared instance of singleton bean 'org.springframework.context.annotation.internalAutowiredAnnotationProcessor'
2024-04-25T13:03:06.734-04:00 DEBUG 19676 --- [usuarios] [           main] o.s.b.f.s.DefaultListableBeanFactory     : Creating shared instance of singleton bean 'org.springframework.context.annotation.internalCommonAnnotationProcessor'
2024-04-25T13:03:06.734-04:00 DEBUG 19676 --- [usuarios] [           main] o.s.b.f.s.DefaultListableBeanFactory     : Creating shared instance of singleton bean 'org.springframework.context.annotation.internalPersistenceAnnotationProcessor'
2024-04-25T13:03:06.734-04:00 DEBUG 19676 --- [usuarios] [           main] o.s.b.f.s.DefaultListableBeanFactory     : Creating shared instance of singleton bean 'org.springframework.boot.test.mock.mockito.MockitoPostProcessor$SpyPostProcessor'
2024-04-25T13:03:06.739-04:00 DEBUG 19676 --- [usuarios] [           main] o.s.b.f.s.DefaultListableBeanFactory     : Creating shared instance of singleton bean 'jdbcConnectionDetailsHikariBeanPostProcessor'
2024-04-25T13:03:06.739-04:00 DEBUG 19676 --- [usuarios] [           main] o.s.b.f.s.DefaultListableBeanFactory     : Creating shared instance of singleton bean 'org.springframework.boot.context.properties.ConfigurationPropertiesBindingPostProcessor'
2024-04-25T13:03:06.739-04:00 DEBUG 19676 --- [usuarios] [           main] o.s.b.f.s.DefaultListableBeanFactory     : Creating shared instance of singleton bean 'org.springframework.boot.context.internalConfigurationPropertiesBinder'
2024-04-25T13:03:06.739-04:00 DEBUG 19676 --- [usuarios] [           main] o.s.b.f.s.DefaultListableBeanFactory     : Creating shared instance of singleton bean 'org.springframework.aop.config.internalAutoProxyCreator'
2024-04-25T13:03:06.744-04:00 DEBUG 19676 --- [usuarios] [           main] o.s.b.f.s.DefaultListableBeanFactory     : Creating shared instance of singleton bean 'dataSourceScriptDatabaseInitializer'
2024-04-25T13:03:06.744-04:00 DEBUG 19676 --- [usuarios] [           main] o.s.b.f.s.DefaultListableBeanFactory     : Creating shared instance of singleton bean 'org.springframework.boot.autoconfigure.sql.init.DataSourceInitializationConfiguration'
2024-04-25T13:03:06.744-04:00 DEBUG 19676 --- [usuarios] [           main] o.s.b.f.s.DefaultListableBeanFactory     : Creating shared instance of singleton bean 'org.springframework.transaction.config.internalTransactionAdvisor'
2024-04-25T13:03:06.744-04:00 DEBUG 19676 --- [usuarios] [           main] o.s.b.f.s.DefaultListableBeanFactory     : Creating shared instance of singleton bean 'org.springframework.transaction.annotation.ProxyTransactionManagementConfiguration'
2024-04-25T13:03:06.752-04:00 DEBUG 19676 --- [usuarios] [           main] o.s.b.f.s.DefaultListableBeanFactory     : Creating shared instance of singleton bean 'transactionAttributeSource'
2024-04-25T13:03:06.752-04:00 DEBUG 19676 --- [usuarios] [           main] o.s.b.f.s.DefaultListableBeanFactory     : Creating shared instance of singleton bean 'transactionInterceptor'
2024-04-25T13:03:06.752-04:00 DEBUG 19676 --- [usuarios] [           main] o.s.b.f.s.DefaultListableBeanFactory     : Autowiring by type from bean name 'transactionInterceptor' via factory method to bean named 'transactionAttributeSource'
2024-04-25T13:03:06.767-04:00 DEBUG 19676 --- [usuarios] [           main] o.s.b.f.s.DefaultListableBeanFactory     : Autowiring by type from bean name 'org.springframework.transaction.config.internalTransactionAdvisor' via factory method to bean named 'transactionAttributeSource'
2024-04-25T13:03:06.767-04:00 DEBUG 19676 --- [usuarios] [           main] o.s.b.f.s.DefaultListableBeanFactory     : Autowiring by type from bean name 'org.springframework.transaction.config.internalTransactionAdvisor' via factory method to bean named 'transactionInterceptor'
2024-04-25T13:03:06.767-04:00 DEBUG 19676 --- [usuarios] [           main] o.s.b.f.s.DefaultListableBeanFactory     : Creating shared instance of singleton bean 'dataSource'
2024-04-25T13:03:06.767-04:00 DEBUG 19676 --- [usuarios] [           main] o.s.b.f.s.DefaultListableBeanFactory     : Creating shared instance of singleton bean 'org.springframework.boot.autoconfigure.jdbc.DataSourceConfiguration$Hikari'
2024-04-25T13:03:06.767-04:00 DEBUG 19676 --- [usuarios] [           main] o.s.b.f.s.DefaultListableBeanFactory     : Creating shared instance of singleton bean 'spring.datasource-org.springframework.boot.autoconfigure.jdbc.DataSourceProperties'
2024-04-25T13:03:06.767-04:00 DEBUG 19676 --- [usuarios] [           main] o.s.b.f.s.DefaultListableBeanFactory     : Creating shared instance of singleton bean 'org.springframework.boot.context.properties.BoundConfigurationProperties'
2024-04-25T13:03:06.783-04:00 DEBUG 19676 --- [usuarios] [           main] o.s.b.f.s.DefaultListableBeanFactory     : Creating shared instance of singleton bean 'jdbcConnectionDetails'
2024-04-25T13:03:06.783-04:00 DEBUG 19676 --- [usuarios] [           main] o.s.b.f.s.DefaultListableBeanFactory     : Creating shared instance of singleton bean 'org.springframework.boot.autoconfigure.jdbc.DataSourceAutoConfiguration$PooledDataSourceConfiguration'
2024-04-25T13:03:06.783-04:00 DEBUG 19676 --- [usuarios] [           main] o.s.b.f.s.DefaultListableBeanFactory     : Autowiring by type from bean name 'jdbcConnectionDetails' via factory method to bean named 'spring.datasource-org.springframework.boot.autoconfigure.jdbc.DataSourceProperties'
2024-04-25T13:03:06.783-04:00 DEBUG 19676 --- [usuarios] [           main] o.s.b.f.s.DefaultListableBeanFactory     : Autowiring by type from bean name 'dataSource' via factory method to bean named 'spring.datasource-org.springframework.boot.autoconfigure.jdbc.DataSourceProperties'
2024-04-25T13:03:06.783-04:00 DEBUG 19676 --- [usuarios] [           main] o.s.b.f.s.DefaultListableBeanFactory     : Autowiring by type from bean name 'dataSource' via factory method to bean named 'jdbcConnectionDetails'
2024-04-25T13:03:06.936-04:00 DEBUG 19676 --- [usuarios] [           main] o.s.b.f.s.DefaultListableBeanFactory     : Creating shared instance of singleton bean 'spring.sql.init-org.springframework.boot.autoconfigure.sql.init.SqlInitializationProperties'
2024-04-25T13:03:06.936-04:00 DEBUG 19676 --- [usuarios] [           main] o.s.b.f.s.DefaultListableBeanFactory     : Autowiring by type from bean name 'dataSourceScriptDatabaseInitializer' via factory method to bean named 'dataSource'
2024-04-25T13:03:06.936-04:00 DEBUG 19676 --- [usuarios] [           main] o.s.b.f.s.DefaultListableBeanFactory     : Autowiring by type from bean name 'dataSourceScriptDatabaseInitializer' via factory method to bean named 'spring.sql.init-org.springframework.boot.autoconfigure.sql.init.SqlInitializationProperties'
2024-04-25T13:03:06.951-04:00 DEBUG 19676 --- [usuarios] [           main] o.s.b.f.s.DefaultListableBeanFactory     : Creating shared instance of singleton bean 'entityManagerFactory'
2024-04-25T13:03:06.951-04:00 DEBUG 19676 --- [usuarios] [           main] o.s.b.f.s.DefaultListableBeanFactory     : Creating shared instance of singleton bean 'org.springframework.boot.autoconfigure.orm.jpa.HibernateJpaConfiguration'
2024-04-25T13:03:06.951-04:00 DEBUG 19676 --- [usuarios] [           main] o.s.b.f.s.DefaultListableBeanFactory     : Creating shared instance of singleton bean 'spring.jpa-org.springframework.boot.autoconfigure.orm.jpa.JpaProperties'
2024-04-25T13:03:06.951-04:00 DEBUG 19676 --- [usuarios] [           main] o.s.b.f.s.DefaultListableBeanFactory     : Creating shared instance of singleton bean 'spring.jpa.hibernate-org.springframework.boot.autoconfigure.orm.jpa.HibernateProperties'
2024-04-25T13:03:06.951-04:00 DEBUG 19676 --- [usuarios] [           main] o.s.b.f.s.DefaultListableBeanFactory     : Autowiring by type from bean name 'org.springframework.boot.autoconfigure.orm.jpa.HibernateJpaConfiguration' via constructor to bean named 'dataSource'
2024-04-25T13:03:06.951-04:00 DEBUG 19676 --- [usuarios] [           main] o.s.b.f.s.DefaultListableBeanFactory     : Autowiring by type from bean name 'org.springframework.boot.autoconfigure.orm.jpa.HibernateJpaConfiguration' via constructor to bean named 'spring.jpa-org.springframework.boot.autoconfigure.orm.jpa.JpaProperties'
2024-04-25T13:03:06.951-04:00 DEBUG 19676 --- [usuarios] [           main] o.s.b.f.s.DefaultListableBeanFactory     : Autowiring by type from bean name 'org.springframework.boot.autoconfigure.orm.jpa.HibernateJpaConfiguration' via constructor to bean named 'org.springframework.beans.factory.support.DefaultListableBeanFactory@7e20f4e3'
2024-04-25T13:03:06.951-04:00 DEBUG 19676 --- [usuarios] [           main] o.s.b.f.s.DefaultListableBeanFactory     : Autowiring by type from bean name 'org.springframework.boot.autoconfigure.orm.jpa.HibernateJpaConfiguration' via constructor to bean named 'spring.jpa.hibernate-org.springframework.boot.autoconfigure.orm.jpa.HibernateProperties'
2024-04-25T13:03:06.951-04:00 DEBUG 19676 --- [usuarios] [           main] o.s.b.f.s.DefaultListableBeanFactory     : Creating shared instance of singleton bean 'hikariPoolDataSourceMetadataProvider'
2024-04-25T13:03:06.951-04:00 DEBUG 19676 --- [usuarios] [           main] o.s.b.f.s.DefaultListableBeanFactory     : Creating shared instance of singleton bean 'org.springframework.boot.autoconfigure.jdbc.metadata.DataSourcePoolMetadataProvidersConfiguration$HikariPoolDataSourceMetadataProviderConfiguration'
2024-04-25T13:03:06.951-04:00 DEBUG 19676 --- [usuarios] [           main] o.s.b.f.s.DefaultListableBeanFactory     : Creating shared instance of singleton bean 'entityManagerFactoryBuilder'
2024-04-25T13:03:06.951-04:00 DEBUG 19676 --- [usuarios] [           main] o.s.b.f.s.DefaultListableBeanFactory     : Creating shared instance of singleton bean 'jpaVendorAdapter'
2024-04-25T13:03:06.983-04:00 DEBUG 19676 --- [usuarios] [           main] o.s.b.f.s.DefaultListableBeanFactory     : Autowiring by type from bean name 'entityManagerFactoryBuilder' via factory method to bean named 'jpaVendorAdapter'
2024-04-25T13:03:06.983-04:00 DEBUG 19676 --- [usuarios] [           main] o.s.b.f.s.DefaultListableBeanFactory     : Creating shared instance of singleton bean 'persistenceManagedTypes'
2024-04-25T13:03:06.983-04:00 DEBUG 19676 --- [usuarios] [           main] o.s.b.f.s.DefaultListableBeanFactory     : Autowiring by type from bean name 'persistenceManagedTypes' via factory method to bean named 'org.springframework.beans.factory.support.DefaultListableBeanFactory@7e20f4e3'
2024-04-25T13:03:06.983-04:00 DEBUG 19676 --- [usuarios] [           main] o.s.b.f.s.DefaultListableBeanFactory     : Autowiring by type from bean name 'persistenceManagedTypes' via factory method to bean named 'org.springframework.context.annotation.AnnotationConfigApplicationContext@2567c091'
2024-04-25T13:03:06.989-04:00 DEBUG 19676 --- [usuarios] [           main] o.s.b.f.s.DefaultListableBeanFactory     : Autowiring by type from bean name 'entityManagerFactory' via factory method to bean named 'entityManagerFactoryBuilder'
2024-04-25T13:03:06.989-04:00 DEBUG 19676 --- [usuarios] [           main] o.s.b.f.s.DefaultListableBeanFactory     : Autowiring by type from bean name 'entityManagerFactory' via factory method to bean named 'persistenceManagedTypes'
2024-04-25T13:03:07.014-04:00 DEBUG 19676 --- [usuarios] [           main] j.LocalContainerEntityManagerFactoryBean : Building JPA container EntityManagerFactory for persistence unit 'default'
2024-04-25T13:03:07.067-04:00 DEBUG 19676 --- [usuarios] [           main] o.hibernate.jpa.internal.util.LogHelper  : PersistenceUnitInfo [
	name: default
	persistence provider classname: null
	classloader: jdk.internal.loader.ClassLoaders$AppClassLoader@70dea4e
	excludeUnlistedClasses: true
	JTA datasource: null
	Non JTA datasource: HikariDataSource (null)
	Transaction type: RESOURCE_LOCAL
	PU root URL: file:/C:/Users/simon/OneDrive/Documentos/DuocUC/Prog/S8/usuariosexp1/usuarios/target/test-classes/
	Shared Cache Mode: UNSPECIFIED
	Validation Mode: AUTO
	Jar files URLs []
	Managed classes names [
		com.simonky.usuarios.model.Direccion
		com.simonky.usuarios.model.Rol
		com.simonky.usuarios.model.Usuario]
	Mapping files names []
	Properties []
2024-04-25T13:03:07.089-04:00 DEBUG 19676 --- [usuarios] [           main] o.h.i.internal.IntegratorServiceImpl     : Adding Integrator [org.hibernate.boot.beanvalidation.BeanValidationIntegrator].
2024-04-25T13:03:07.089-04:00 DEBUG 19676 --- [usuarios] [           main] o.h.i.internal.IntegratorServiceImpl     : Adding Integrator [org.hibernate.cache.internal.CollectionCacheInvalidator].
2024-04-25T13:03:07.134-04:00  INFO 19676 --- [usuarios] [           main] org.hibernate.Version                    : HHH000412: Hibernate ORM core version 6.4.4.Final
2024-04-25T13:03:07.134-04:00 DEBUG 19676 --- [usuarios] [           main] org.hibernate.cfg.Environment            : HHH000206: 'hibernate.properties' not found
2024-04-25T13:03:07.155-04:00 DEBUG 19676 --- [usuarios] [           main] org.hibernate.orm.idgen.factory          : Registering IdentifierGenerator strategy [uuid2] -> [org.hibernate.id.UUIDGenerator]
2024-04-25T13:03:07.155-04:00 DEBUG 19676 --- [usuarios] [           main] org.hibernate.orm.idgen.factory          : Registering IdentifierGenerator strategy [guid] -> [org.hibernate.id.GUIDGenerator]
2024-04-25T13:03:07.155-04:00 DEBUG 19676 --- [usuarios] [           main] org.hibernate.orm.idgen.factory          : Registering IdentifierGenerator strategy [uuid] -> [org.hibernate.id.UUIDHexGenerator]
2024-04-25T13:03:07.155-04:00 DEBUG 19676 --- [usuarios] [           main] org.hibernate.orm.idgen.factory          : Registering IdentifierGenerator strategy [uuid.hex] -> [org.hibernate.id.UUIDHexGenerator]
2024-04-25T13:03:07.156-04:00 DEBUG 19676 --- [usuarios] [           main] org.hibernate.orm.idgen.factory          : Registering IdentifierGenerator strategy [assigned] -> [org.hibernate.id.Assigned]
2024-04-25T13:03:07.156-04:00 DEBUG 19676 --- [usuarios] [           main] org.hibernate.orm.idgen.factory          : Registering IdentifierGenerator strategy [identity] -> [org.hibernate.id.IdentityGenerator]
2024-04-25T13:03:07.156-04:00 DEBUG 19676 --- [usuarios] [           main] org.hibernate.orm.idgen.factory          : Registering IdentifierGenerator strategy [select] -> [org.hibernate.id.SelectGenerator]
2024-04-25T13:03:07.157-04:00 DEBUG 19676 --- [usuarios] [           main] org.hibernate.orm.idgen.factory          : Registering IdentifierGenerator strategy [sequence] -> [org.hibernate.id.enhanced.SequenceStyleGenerator]
2024-04-25T13:03:07.157-04:00 DEBUG 19676 --- [usuarios] [           main] org.hibernate.orm.idgen.factory          : Registering IdentifierGenerator strategy [increment] -> [org.hibernate.id.IncrementGenerator]
2024-04-25T13:03:07.157-04:00 DEBUG 19676 --- [usuarios] [           main] org.hibernate.orm.idgen.factory          : Registering IdentifierGenerator strategy [foreign] -> [org.hibernate.id.ForeignGenerator]
2024-04-25T13:03:07.157-04:00 DEBUG 19676 --- [usuarios] [           main] org.hibernate.orm.idgen.factory          : Registering IdentifierGenerator strategy [enhanced-sequence] -> [org.hibernate.id.enhanced.SequenceStyleGenerator]
2024-04-25T13:03:07.157-04:00 DEBUG 19676 --- [usuarios] [           main] org.hibernate.orm.idgen.factory          : Registering IdentifierGenerator strategy [enhanced-table] -> [org.hibernate.id.enhanced.TableGenerator]
2024-04-25T13:03:07.159-04:00 DEBUG 19676 --- [usuarios] [           main] o.h.c.internal.RegionFactoryInitiator    : Cannot default RegionFactory based on registered strategies as `[]` RegionFactory strategies were registered
2024-04-25T13:03:07.159-04:00  INFO 19676 --- [usuarios] [           main] o.h.c.internal.RegionFactoryInitiator    : HHH000026: Second-level cache disabled
2024-04-25T13:03:07.189-04:00 DEBUG 19676 --- [usuarios] [           main] org.hibernate.type.BasicTypeRegistry     : Adding type registration boolean -> org.hibernate.type.BasicTypeReference@624be1d4
2024-04-25T13:03:07.189-04:00 DEBUG 19676 --- [usuarios] [           main] org.hibernate.type.BasicTypeRegistry     : Adding type registration boolean -> org.hibernate.type.BasicTypeReference@624be1d4
2024-04-25T13:03:07.189-04:00 DEBUG 19676 --- [usuarios] [           main] org.hibernate.type.BasicTypeRegistry     : Adding type registration java.lang.Boolean -> org.hibernate.type.BasicTypeReference@624be1d4
2024-04-25T13:03:07.189-04:00 DEBUG 19676 --- [usuarios] [           main] org.hibernate.type.BasicTypeRegistry     : Adding type registration numeric_boolean -> org.hibernate.type.BasicTypeReference@336e17be
2024-04-25T13:03:07.189-04:00 DEBUG 19676 --- [usuarios] [           main] org.hibernate.type.BasicTypeRegistry     : Adding type registration org.hibernate.type.NumericBooleanConverter -> org.hibernate.type.BasicTypeReference@336e17be
2024-04-25T13:03:07.189-04:00 DEBUG 19676 --- [usuarios] [           main] org.hibernate.type.BasicTypeRegistry     : Adding type registration true_false -> org.hibernate.type.BasicTypeReference@3897f9ae
2024-04-25T13:03:07.189-04:00 DEBUG 19676 --- [usuarios] [           main] org.hibernate.type.BasicTypeRegistry     : Adding type registration org.hibernate.type.TrueFalseConverter -> org.hibernate.type.BasicTypeReference@3897f9ae
2024-04-25T13:03:07.189-04:00 DEBUG 19676 --- [usuarios] [           main] org.hibernate.type.BasicTypeRegistry     : Adding type registration yes_no -> org.hibernate.type.BasicTypeReference@6c767288
2024-04-25T13:03:07.189-04:00 DEBUG 19676 --- [usuarios] [           main] org.hibernate.type.BasicTypeRegistry     : Adding type registration org.hibernate.type.YesNoConverter -> org.hibernate.type.BasicTypeReference@6c767288
2024-04-25T13:03:07.189-04:00 DEBUG 19676 --- [usuarios] [           main] org.hibernate.type.BasicTypeRegistry     : Adding type registration byte -> org.hibernate.type.BasicTypeReference@510e6b93
2024-04-25T13:03:07.189-04:00 DEBUG 19676 --- [usuarios] [           main] org.hibernate.type.BasicTypeRegistry     : Adding type registration byte -> org.hibernate.type.BasicTypeReference@510e6b93
2024-04-25T13:03:07.189-04:00 DEBUG 19676 --- [usuarios] [           main] org.hibernate.type.BasicTypeRegistry     : Adding type registration java.lang.Byte -> org.hibernate.type.BasicTypeReference@510e6b93
2024-04-25T13:03:07.189-04:00 DEBUG 19676 --- [usuarios] [           main] org.hibernate.type.BasicTypeRegistry     : Adding type registration binary -> org.hibernate.type.BasicTypeReference@129e45eb
2024-04-25T13:03:07.189-04:00 DEBUG 19676 --- [usuarios] [           main] org.hibernate.type.BasicTypeRegistry     : Adding type registration byte[] -> org.hibernate.type.BasicTypeReference@129e45eb
2024-04-25T13:03:07.189-04:00 DEBUG 19676 --- [usuarios] [           main] org.hibernate.type.BasicTypeRegistry     : Adding type registration [B -> org.hibernate.type.BasicTypeReference@129e45eb
2024-04-25T13:03:07.189-04:00 DEBUG 19676 --- [usuarios] [           main] org.hibernate.type.BasicTypeRegistry     : Adding type registration binary_wrapper -> org.hibernate.type.BasicTypeReference@15c3849f
2024-04-25T13:03:07.189-04:00 DEBUG 19676 --- [usuarios] [           main] org.hibernate.type.BasicTypeRegistry     : Adding type registration wrapper-binary -> org.hibernate.type.BasicTypeReference@15c3849f
2024-04-25T13:03:07.189-04:00 DEBUG 19676 --- [usuarios] [           main] org.hibernate.type.BasicTypeRegistry     : Adding type registration image -> org.hibernate.type.BasicTypeReference@4a7e469d
2024-04-25T13:03:07.189-04:00 DEBUG 19676 --- [usuarios] [           main] org.hibernate.type.BasicTypeRegistry     : Adding type registration blob -> org.hibernate.type.BasicTypeReference@688efeb2
2024-04-25T13:03:07.189-04:00 DEBUG 19676 --- [usuarios] [           main] org.hibernate.type.BasicTypeRegistry     : Adding type registration java.sql.Blob -> org.hibernate.type.BasicTypeReference@688efeb2
2024-04-25T13:03:07.189-04:00 DEBUG 19676 --- [usuarios] [           main] org.hibernate.type.BasicTypeRegistry     : Adding type registration materialized_blob -> org.hibernate.type.BasicTypeReference@85f5f55
2024-04-25T13:03:07.189-04:00 DEBUG 19676 --- [usuarios] [           main] org.hibernate.type.BasicTypeRegistry     : Adding type registration materialized_blob_wrapper -> org.hibernate.type.BasicTypeReference@131c5bd
2024-04-25T13:03:07.189-04:00 DEBUG 19676 --- [usuarios] [           main] org.hibernate.type.BasicTypeRegistry     : Adding type registration short -> org.hibernate.type.BasicTypeReference@394331a8
2024-04-25T13:03:07.189-04:00 DEBUG 19676 --- [usuarios] [           main] org.hibernate.type.BasicTypeRegistry     : Adding type registration short -> org.hibernate.type.BasicTypeReference@394331a8
2024-04-25T13:03:07.189-04:00 DEBUG 19676 --- [usuarios] [           main] org.hibernate.type.BasicTypeRegistry     : Adding type registration java.lang.Short -> org.hibernate.type.BasicTypeReference@394331a8
2024-04-25T13:03:07.189-04:00 DEBUG 19676 --- [usuarios] [           main] org.hibernate.type.BasicTypeRegistry     : Adding type registration integer -> org.hibernate.type.BasicTypeReference@2627335c
2024-04-25T13:03:07.189-04:00 DEBUG 19676 --- [usuarios] [           main] org.hibernate.type.BasicTypeRegistry     : Adding type registration int -> org.hibernate.type.BasicTypeReference@2627335c
2024-04-25T13:03:07.189-04:00 DEBUG 19676 --- [usuarios] [           main] org.hibernate.type.BasicTypeRegistry     : Adding type registration java.lang.Integer -> org.hibernate.type.BasicTypeReference@2627335c
2024-04-25T13:03:07.189-04:00 DEBUG 19676 --- [usuarios] [           main] org.hibernate.type.BasicTypeRegistry     : Adding type registration long -> org.hibernate.type.BasicTypeReference@5470753a
2024-04-25T13:03:07.189-04:00 DEBUG 19676 --- [usuarios] [           main] org.hibernate.type.BasicTypeRegistry     : Adding type registration long -> org.hibernate.type.BasicTypeReference@5470753a
2024-04-25T13:03:07.189-04:00 DEBUG 19676 --- [usuarios] [           main] org.hibernate.type.BasicTypeRegistry     : Adding type registration java.lang.Long -> org.hibernate.type.BasicTypeReference@5470753a
2024-04-25T13:03:07.189-04:00 DEBUG 19676 --- [usuarios] [           main] org.hibernate.type.BasicTypeRegistry     : Adding type registration float -> org.hibernate.type.BasicTypeReference@5b634e24
2024-04-25T13:03:07.189-04:00 DEBUG 19676 --- [usuarios] [           main] org.hibernate.type.BasicTypeRegistry     : Adding type registration float -> org.hibernate.type.BasicTypeReference@5b634e24
2024-04-25T13:03:07.189-04:00 DEBUG 19676 --- [usuarios] [           main] org.hibernate.type.BasicTypeRegistry     : Adding type registration java.lang.Float -> org.hibernate.type.BasicTypeReference@5b634e24
2024-04-25T13:03:07.189-04:00 DEBUG 19676 --- [usuarios] [           main] org.hibernate.type.BasicTypeRegistry     : Adding type registration double -> org.hibernate.type.BasicTypeReference@7b0dfa91
2024-04-25T13:03:07.189-04:00 DEBUG 19676 --- [usuarios] [           main] org.hibernate.type.BasicTypeRegistry     : Adding type registration double -> org.hibernate.type.BasicTypeReference@7b0dfa91
2024-04-25T13:03:07.189-04:00 DEBUG 19676 --- [usuarios] [           main] org.hibernate.type.BasicTypeRegistry     : Adding type registration java.lang.Double -> org.hibernate.type.BasicTypeReference@7b0dfa91
2024-04-25T13:03:07.189-04:00 DEBUG 19676 --- [usuarios] [           main] org.hibernate.type.BasicTypeRegistry     : Adding type registration big_integer -> org.hibernate.type.BasicTypeReference@642f8b7f
2024-04-25T13:03:07.189-04:00 DEBUG 19676 --- [usuarios] [           main] org.hibernate.type.BasicTypeRegistry     : Adding type registration java.math.BigInteger -> org.hibernate.type.BasicTypeReference@642f8b7f
2024-04-25T13:03:07.189-04:00 DEBUG 19676 --- [usuarios] [           main] org.hibernate.type.BasicTypeRegistry     : Adding type registration big_decimal -> org.hibernate.type.BasicTypeReference@3321fb65
2024-04-25T13:03:07.189-04:00 DEBUG 19676 --- [usuarios] [           main] org.hibernate.type.BasicTypeRegistry     : Adding type registration java.math.BigDecimal -> org.hibernate.type.BasicTypeReference@3321fb65
2024-04-25T13:03:07.189-04:00 DEBUG 19676 --- [usuarios] [           main] org.hibernate.type.BasicTypeRegistry     : Adding type registration character -> org.hibernate.type.BasicTypeReference@7272914b
2024-04-25T13:03:07.189-04:00 DEBUG 19676 --- [usuarios] [           main] org.hibernate.type.BasicTypeRegistry     : Adding type registration char -> org.hibernate.type.BasicTypeReference@7272914b
2024-04-25T13:03:07.189-04:00 DEBUG 19676 --- [usuarios] [           main] org.hibernate.type.BasicTypeRegistry     : Adding type registration java.lang.Character -> org.hibernate.type.BasicTypeReference@7272914b
2024-04-25T13:03:07.189-04:00 DEBUG 19676 --- [usuarios] [           main] org.hibernate.type.BasicTypeRegistry     : Adding type registration character_nchar -> org.hibernate.type.BasicTypeReference@663f24e6
2024-04-25T13:03:07.189-04:00 DEBUG 19676 --- [usuarios] [           main] org.hibernate.type.BasicTypeRegistry     : Adding type registration string -> org.hibernate.type.BasicTypeReference@7e532f2d
2024-04-25T13:03:07.189-04:00 DEBUG 19676 --- [usuarios] [           main] org.hibernate.type.BasicTypeRegistry     : Adding type registration java.lang.String -> org.hibernate.type.BasicTypeReference@7e532f2d
2024-04-25T13:03:07.189-04:00 DEBUG 19676 --- [usuarios] [           main] org.hibernate.type.BasicTypeRegistry     : Adding type registration nstring -> org.hibernate.type.BasicTypeReference@42150951
2024-04-25T13:03:07.189-04:00 DEBUG 19676 --- [usuarios] [           main] org.hibernate.type.BasicTypeRegistry     : Adding type registration characters -> org.hibernate.type.BasicTypeReference@248b2091
2024-04-25T13:03:07.189-04:00 DEBUG 19676 --- [usuarios] [           main] org.hibernate.type.BasicTypeRegistry     : Adding type registration char[] -> org.hibernate.type.BasicTypeReference@248b2091
2024-04-25T13:03:07.189-04:00 DEBUG 19676 --- [usuarios] [           main] org.hibernate.type.BasicTypeRegistry     : Adding type registration [C -> org.hibernate.type.BasicTypeReference@248b2091
2024-04-25T13:03:07.189-04:00 DEBUG 19676 --- [usuarios] [           main] org.hibernate.type.BasicTypeRegistry     : Adding type registration wrapper-characters -> org.hibernate.type.BasicTypeReference@3b0c38f2
2024-04-25T13:03:07.189-04:00 DEBUG 19676 --- [usuarios] [           main] org.hibernate.type.BasicTypeRegistry     : Adding type registration text -> org.hibernate.type.BasicTypeReference@5cc152f9
2024-04-25T13:03:07.189-04:00 DEBUG 19676 --- [usuarios] [           main] org.hibernate.type.BasicTypeRegistry     : Adding type registration ntext -> org.hibernate.type.BasicTypeReference@36f497b1
2024-04-25T13:03:07.189-04:00 DEBUG 19676 --- [usuarios] [           main] org.hibernate.type.BasicTypeRegistry     : Adding type registration clob -> org.hibernate.type.BasicTypeReference@4b86a656
2024-04-25T13:03:07.189-04:00 DEBUG 19676 --- [usuarios] [           main] org.hibernate.type.BasicTypeRegistry     : Adding type registration java.sql.Clob -> org.hibernate.type.BasicTypeReference@4b86a656
2024-04-25T13:03:07.189-04:00 DEBUG 19676 --- [usuarios] [           main] org.hibernate.type.BasicTypeRegistry     : Adding type registration nclob -> org.hibernate.type.BasicTypeReference@1117cc7c
2024-04-25T13:03:07.189-04:00 DEBUG 19676 --- [usuarios] [           main] org.hibernate.type.BasicTypeRegistry     : Adding type registration java.sql.NClob -> org.hibernate.type.BasicTypeReference@1117cc7c
2024-04-25T13:03:07.189-04:00 DEBUG 19676 --- [usuarios] [           main] org.hibernate.type.BasicTypeRegistry     : Adding type registration materialized_clob -> org.hibernate.type.BasicTypeReference@4797023d
2024-04-25T13:03:07.189-04:00 DEBUG 19676 --- [usuarios] [           main] org.hibernate.type.BasicTypeRegistry     : Adding type registration materialized_clob_char_array -> org.hibernate.type.BasicTypeReference@55cc4c61
2024-04-25T13:03:07.189-04:00 DEBUG 19676 --- [usuarios] [           main] org.hibernate.type.BasicTypeRegistry     : Adding type registration materialized_clob_character_array -> org.hibernate.type.BasicTypeReference@2b06f498
2024-04-25T13:03:07.189-04:00 DEBUG 19676 --- [usuarios] [           main] org.hibernate.type.BasicTypeRegistry     : Adding type registration materialized_nclob -> org.hibernate.type.BasicTypeReference@4ddb9a8
2024-04-25T13:03:07.189-04:00 DEBUG 19676 --- [usuarios] [           main] org.hibernate.type.BasicTypeRegistry     : Adding type registration materialized_nclob_character_array -> org.hibernate.type.BasicTypeReference@7b24d5e4
2024-04-25T13:03:07.189-04:00 DEBUG 19676 --- [usuarios] [           main] org.hibernate.type.BasicTypeRegistry     : Adding type registration materialized_nclob_char_array -> org.hibernate.type.BasicTypeReference@4c3c31a5
2024-04-25T13:03:07.189-04:00 DEBUG 19676 --- [usuarios] [           main] org.hibernate.type.BasicTypeRegistry     : Adding type registration Duration -> org.hibernate.type.BasicTypeReference@5002be8e
2024-04-25T13:03:07.189-04:00 DEBUG 19676 --- [usuarios] [           main] org.hibernate.type.BasicTypeRegistry     : Adding type registration java.time.Duration -> org.hibernate.type.BasicTypeReference@5002be8e
2024-04-25T13:03:07.189-04:00 DEBUG 19676 --- [usuarios] [           main] org.hibernate.type.BasicTypeRegistry     : Adding type registration LocalDateTime -> org.hibernate.type.BasicTypeReference@39fb5ddf
2024-04-25T13:03:07.189-04:00 DEBUG 19676 --- [usuarios] [           main] org.hibernate.type.BasicTypeRegistry     : Adding type registration java.time.LocalDateTime -> org.hibernate.type.BasicTypeReference@39fb5ddf
2024-04-25T13:03:07.189-04:00 DEBUG 19676 --- [usuarios] [           main] org.hibernate.type.BasicTypeRegistry     : Adding type registration LocalDate -> org.hibernate.type.BasicTypeReference@642d34f1
2024-04-25T13:03:07.189-04:00 DEBUG 19676 --- [usuarios] [           main] org.hibernate.type.BasicTypeRegistry     : Adding type registration java.time.LocalDate -> org.hibernate.type.BasicTypeReference@642d34f1
2024-04-25T13:03:07.189-04:00 DEBUG 19676 --- [usuarios] [           main] org.hibernate.type.BasicTypeRegistry     : Adding type registration LocalTime -> org.hibernate.type.BasicTypeReference@49b180c8
2024-04-25T13:03:07.189-04:00 DEBUG 19676 --- [usuarios] [           main] org.hibernate.type.BasicTypeRegistry     : Adding type registration java.time.LocalTime -> org.hibernate.type.BasicTypeReference@49b180c8
2024-04-25T13:03:07.189-04:00 DEBUG 19676 --- [usuarios] [           main] org.hibernate.type.BasicTypeRegistry     : Adding type registration OffsetDateTime -> org.hibernate.type.BasicTypeReference@c02a1be
2024-04-25T13:03:07.189-04:00 DEBUG 19676 --- [usuarios] [           main] org.hibernate.type.BasicTypeRegistry     : Adding type registration java.time.OffsetDateTime -> org.hibernate.type.BasicTypeReference@c02a1be
2024-04-25T13:03:07.189-04:00 DEBUG 19676 --- [usuarios] [           main] org.hibernate.type.BasicTypeRegistry     : Adding type registration OffsetDateTimeWithTimezone -> org.hibernate.type.BasicTypeReference@6f740044
2024-04-25T13:03:07.189-04:00 DEBUG 19676 --- [usuarios] [           main] org.hibernate.type.BasicTypeRegistry     : Adding type registration OffsetDateTimeWithoutTimezone -> org.hibernate.type.BasicTypeReference@62732be7
2024-04-25T13:03:07.189-04:00 DEBUG 19676 --- [usuarios] [           main] org.hibernate.type.BasicTypeRegistry     : Adding type registration OffsetTime -> org.hibernate.type.BasicTypeReference@278150a1
2024-04-25T13:03:07.189-04:00 DEBUG 19676 --- [usuarios] [           main] org.hibernate.type.BasicTypeRegistry     : Adding type registration java.time.OffsetTime -> org.hibernate.type.BasicTypeReference@278150a1
2024-04-25T13:03:07.189-04:00 DEBUG 19676 --- [usuarios] [           main] org.hibernate.type.BasicTypeRegistry     : Adding type registration OffsetTimeUtc -> org.hibernate.type.BasicTypeReference@3e170abe
2024-04-25T13:03:07.189-04:00 DEBUG 19676 --- [usuarios] [           main] org.hibernate.type.BasicTypeRegistry     : Adding type registration OffsetTimeWithTimezone -> org.hibernate.type.BasicTypeReference@712e4b18
2024-04-25T13:03:07.189-04:00 DEBUG 19676 --- [usuarios] [           main] org.hibernate.type.BasicTypeRegistry     : Adding type registration OffsetTimeWithoutTimezone -> org.hibernate.type.BasicTypeReference@27d0376f
2024-04-25T13:03:07.189-04:00 DEBUG 19676 --- [usuarios] [           main] org.hibernate.type.BasicTypeRegistry     : Adding type registration ZonedDateTime -> org.hibernate.type.BasicTypeReference@21948bd1
2024-04-25T13:03:07.189-04:00 DEBUG 19676 --- [usuarios] [           main] org.hibernate.type.BasicTypeRegistry     : Adding type registration java.time.ZonedDateTime -> org.hibernate.type.BasicTypeReference@21948bd1
2024-04-25T13:03:07.189-04:00 DEBUG 19676 --- [usuarios] [           main] org.hibernate.type.BasicTypeRegistry     : Adding type registration ZonedDateTimeWithTimezone -> org.hibernate.type.BasicTypeReference@22617270
2024-04-25T13:03:07.189-04:00 DEBUG 19676 --- [usuarios] [           main] org.hibernate.type.BasicTypeRegistry     : Adding type registration ZonedDateTimeWithoutTimezone -> org.hibernate.type.BasicTypeReference@630febd7
2024-04-25T13:03:07.189-04:00 DEBUG 19676 --- [usuarios] [           main] org.hibernate.type.BasicTypeRegistry     : Adding type registration date -> org.hibernate.type.BasicTypeReference@45c2c396
2024-04-25T13:03:07.189-04:00 DEBUG 19676 --- [usuarios] [           main] org.hibernate.type.BasicTypeRegistry     : Adding type registration java.sql.Date -> org.hibernate.type.BasicTypeReference@45c2c396
2024-04-25T13:03:07.189-04:00 DEBUG 19676 --- [usuarios] [           main] org.hibernate.type.BasicTypeRegistry     : Adding type registration time -> org.hibernate.type.BasicTypeReference@408d12fc
2024-04-25T13:03:07.189-04:00 DEBUG 19676 --- [usuarios] [           main] org.hibernate.type.BasicTypeRegistry     : Adding type registration java.sql.Time -> org.hibernate.type.BasicTypeReference@408d12fc
2024-04-25T13:03:07.189-04:00 DEBUG 19676 --- [usuarios] [           main] org.hibernate.type.BasicTypeRegistry     : Adding type registration timestamp -> org.hibernate.type.BasicTypeReference@69d61a6f
2024-04-25T13:03:07.189-04:00 DEBUG 19676 --- [usuarios] [           main] org.hibernate.type.BasicTypeRegistry     : Adding type registration java.sql.Timestamp -> org.hibernate.type.BasicTypeReference@69d61a6f
2024-04-25T13:03:07.189-04:00 DEBUG 19676 --- [usuarios] [           main] org.hibernate.type.BasicTypeRegistry     : Adding type registration java.util.Date -> org.hibernate.type.BasicTypeReference@69d61a6f
2024-04-25T13:03:07.189-04:00 DEBUG 19676 --- [usuarios] [           main] org.hibernate.type.BasicTypeRegistry     : Adding type registration calendar -> org.hibernate.type.BasicTypeReference@759b05d1
2024-04-25T13:03:07.189-04:00 DEBUG 19676 --- [usuarios] [           main] org.hibernate.type.BasicTypeRegistry     : Adding type registration java.util.Calendar -> org.hibernate.type.BasicTypeReference@759b05d1
2024-04-25T13:03:07.189-04:00 DEBUG 19676 --- [usuarios] [           main] org.hibernate.type.BasicTypeRegistry     : Adding type registration java.util.GregorianCalendar -> org.hibernate.type.BasicTypeReference@759b05d1
2024-04-25T13:03:07.189-04:00 DEBUG 19676 --- [usuarios] [           main] org.hibernate.type.BasicTypeRegistry     : Adding type registration calendar_date -> org.hibernate.type.BasicTypeReference@2696b687
2024-04-25T13:03:07.189-04:00 DEBUG 19676 --- [usuarios] [           main] org.hibernate.type.BasicTypeRegistry     : Adding type registration calendar_time -> org.hibernate.type.BasicTypeReference@ea45a5b
2024-04-25T13:03:07.189-04:00 DEBUG 19676 --- [usuarios] [           main] org.hibernate.type.BasicTypeRegistry     : Adding type registration instant -> org.hibernate.type.BasicTypeReference@57f83c82
2024-04-25T13:03:07.189-04:00 DEBUG 19676 --- [usuarios] [           main] org.hibernate.type.BasicTypeRegistry     : Adding type registration java.time.Instant -> org.hibernate.type.BasicTypeReference@57f83c82
2024-04-25T13:03:07.189-04:00 DEBUG 19676 --- [usuarios] [           main] org.hibernate.type.BasicTypeRegistry     : Adding type registration uuid -> org.hibernate.type.BasicTypeReference@7a600e21
2024-04-25T13:03:07.189-04:00 DEBUG 19676 --- [usuarios] [           main] org.hibernate.type.BasicTypeRegistry     : Adding type registration java.util.UUID -> org.hibernate.type.BasicTypeReference@7a600e21
2024-04-25T13:03:07.189-04:00 DEBUG 19676 --- [usuarios] [           main] org.hibernate.type.BasicTypeRegistry     : Adding type registration pg-uuid -> org.hibernate.type.BasicTypeReference@7a600e21
2024-04-25T13:03:07.189-04:00 DEBUG 19676 --- [usuarios] [           main] org.hibernate.type.BasicTypeRegistry     : Adding type registration uuid-binary -> org.hibernate.type.BasicTypeReference@69d1ad64
2024-04-25T13:03:07.189-04:00 DEBUG 19676 --- [usuarios] [           main] org.hibernate.type.BasicTypeRegistry     : Adding type registration uuid-char -> org.hibernate.type.BasicTypeReference@458b4487
2024-04-25T13:03:07.189-04:00 DEBUG 19676 --- [usuarios] [           main] org.hibernate.type.BasicTypeRegistry     : Adding type registration class -> org.hibernate.type.BasicTypeReference@53016c98
2024-04-25T13:03:07.189-04:00 DEBUG 19676 --- [usuarios] [           main] org.hibernate.type.BasicTypeRegistry     : Adding type registration java.lang.Class -> org.hibernate.type.BasicTypeReference@53016c98
2024-04-25T13:03:07.189-04:00 DEBUG 19676 --- [usuarios] [           main] org.hibernate.type.BasicTypeRegistry     : Adding type registration currency -> org.hibernate.type.BasicTypeReference@296a71df
2024-04-25T13:03:07.189-04:00 DEBUG 19676 --- [usuarios] [           main] org.hibernate.type.BasicTypeRegistry     : Adding type registration Currency -> org.hibernate.type.BasicTypeReference@296a71df
2024-04-25T13:03:07.189-04:00 DEBUG 19676 --- [usuarios] [           main] org.hibernate.type.BasicTypeRegistry     : Adding type registration java.util.Currency -> org.hibernate.type.BasicTypeReference@296a71df
2024-04-25T13:03:07.189-04:00 DEBUG 19676 --- [usuarios] [           main] org.hibernate.type.BasicTypeRegistry     : Adding type registration locale -> org.hibernate.type.BasicTypeReference@4db4431b
2024-04-25T13:03:07.189-04:00 DEBUG 19676 --- [usuarios] [           main] org.hibernate.type.BasicTypeRegistry     : Adding type registration java.util.Locale -> org.hibernate.type.BasicTypeReference@4db4431b
2024-04-25T13:03:07.189-04:00 DEBUG 19676 --- [usuarios] [           main] org.hibernate.type.BasicTypeRegistry     : Adding type registration serializable -> org.hibernate.type.BasicTypeReference@52849956
2024-04-25T13:03:07.189-04:00 DEBUG 19676 --- [usuarios] [           main] org.hibernate.type.BasicTypeRegistry     : Adding type registration java.io.Serializable -> org.hibernate.type.BasicTypeReference@52849956
2024-04-25T13:03:07.189-04:00 DEBUG 19676 --- [usuarios] [           main] org.hibernate.type.BasicTypeRegistry     : Adding type registration timezone -> org.hibernate.type.BasicTypeReference@ab94a32
2024-04-25T13:03:07.189-04:00 DEBUG 19676 --- [usuarios] [           main] org.hibernate.type.BasicTypeRegistry     : Adding type registration java.util.TimeZone -> org.hibernate.type.BasicTypeReference@ab94a32
2024-04-25T13:03:07.189-04:00 DEBUG 19676 --- [usuarios] [           main] org.hibernate.type.BasicTypeRegistry     : Adding type registration ZoneOffset -> org.hibernate.type.BasicTypeReference@70273633
2024-04-25T13:03:07.189-04:00 DEBUG 19676 --- [usuarios] [           main] org.hibernate.type.BasicTypeRegistry     : Adding type registration java.time.ZoneOffset -> org.hibernate.type.BasicTypeReference@70273633
2024-04-25T13:03:07.189-04:00 DEBUG 19676 --- [usuarios] [           main] org.hibernate.type.BasicTypeRegistry     : Adding type registration url -> org.hibernate.type.BasicTypeReference@1f641fb7
2024-04-25T13:03:07.189-04:00 DEBUG 19676 --- [usuarios] [           main] org.hibernate.type.BasicTypeRegistry     : Adding type registration java.net.URL -> org.hibernate.type.BasicTypeReference@1f641fb7
2024-04-25T13:03:07.189-04:00 DEBUG 19676 --- [usuarios] [           main] org.hibernate.type.BasicTypeRegistry     : Adding type registration vector -> org.hibernate.type.BasicTypeReference@69dc7b24
2024-04-25T13:03:07.189-04:00 DEBUG 19676 --- [usuarios] [           main] org.hibernate.type.BasicTypeRegistry     : Adding type registration row_version -> org.hibernate.type.BasicTypeReference@297454f7
2024-04-25T13:03:07.204-04:00 DEBUG 19676 --- [usuarios] [           main] org.hibernate.type.BasicTypeRegistry     : Adding type registration object -> org.hibernate.type.JavaObjectType@2fd8b081
2024-04-25T13:03:07.204-04:00 DEBUG 19676 --- [usuarios] [           main] org.hibernate.type.BasicTypeRegistry     : Adding type registration java.lang.Object -> org.hibernate.type.JavaObjectType@2fd8b081
2024-04-25T13:03:07.204-04:00 DEBUG 19676 --- [usuarios] [           main] org.hibernate.type.BasicTypeRegistry     : Adding type registration null -> org.hibernate.type.NullType@6f7c4e0
2024-04-25T13:03:07.204-04:00 DEBUG 19676 --- [usuarios] [           main] org.hibernate.type.BasicTypeRegistry     : Adding type registration imm_date -> org.hibernate.type.BasicTypeReference@25e203e6
2024-04-25T13:03:07.204-04:00 DEBUG 19676 --- [usuarios] [           main] org.hibernate.type.BasicTypeRegistry     : Adding type registration imm_time -> org.hibernate.type.BasicTypeReference@8b1bfdf
2024-04-25T13:03:07.204-04:00 DEBUG 19676 --- [usuarios] [           main] org.hibernate.type.BasicTypeRegistry     : Adding type registration imm_timestamp -> org.hibernate.type.BasicTypeReference@95f1422
2024-04-25T13:03:07.204-04:00 DEBUG 19676 --- [usuarios] [           main] org.hibernate.type.BasicTypeRegistry     : Adding type registration imm_calendar -> org.hibernate.type.BasicTypeReference@31b7112d
2024-04-25T13:03:07.204-04:00 DEBUG 19676 --- [usuarios] [           main] org.hibernate.type.BasicTypeRegistry     : Adding type registration imm_calendar_date -> org.hibernate.type.BasicTypeReference@47fc9ce
2024-04-25T13:03:07.204-04:00 DEBUG 19676 --- [usuarios] [           main] org.hibernate.type.BasicTypeRegistry     : Adding type registration imm_calendar_time -> org.hibernate.type.BasicTypeReference@1b5d1d9
2024-04-25T13:03:07.204-04:00 DEBUG 19676 --- [usuarios] [           main] org.hibernate.type.BasicTypeRegistry     : Adding type registration imm_binary -> org.hibernate.type.BasicTypeReference@703a2bc9
2024-04-25T13:03:07.204-04:00 DEBUG 19676 --- [usuarios] [           main] org.hibernate.type.BasicTypeRegistry     : Adding type registration imm_serializable -> org.hibernate.type.BasicTypeReference@790d629a
2024-04-25T13:03:07.204-04:00 DEBUG 19676 --- [usuarios] [           main] o.h.boot.internal.BootstrapContextImpl   : Injecting JPA temp ClassLoader [org.springframework.instrument.classloading.SimpleThrowawayClassLoader@48126a17] into BootstrapContext; was [null]
2024-04-25T13:03:07.204-04:00 DEBUG 19676 --- [usuarios] [           main] o.h.boot.internal.ClassLoaderAccessImpl  : ClassLoaderAccessImpl#injectTempClassLoader(org.springframework.instrument.classloading.SimpleThrowawayClassLoader@48126a17) [was null]
2024-04-25T13:03:07.204-04:00 DEBUG 19676 --- [usuarios] [           main] o.h.boot.internal.BootstrapContextImpl   : Injecting ScanEnvironment [org.hibernate.jpa.boot.internal.StandardJpaScanEnvironmentImpl@3b590f6a] into BootstrapContext; was [null]
2024-04-25T13:03:07.204-04:00 DEBUG 19676 --- [usuarios] [           main] o.h.boot.internal.BootstrapContextImpl   : Injecting ScanOptions [org.hibernate.boot.archive.scan.internal.StandardScanOptions@1e160a9e] into BootstrapContext; was [org.hibernate.boot.archive.scan.internal.StandardScanOptions@483ed60e]
2024-04-25T13:03:07.219-04:00  INFO 19676 --- [usuarios] [           main] o.s.o.j.p.SpringPersistenceUnitInfo      : No LoadTimeWeaver setup: ignoring JPA class transformer
2024-04-25T13:03:07.219-04:00 DEBUG 19676 --- [usuarios] [           main] o.h.boot.internal.BootstrapContextImpl   : Injecting JPA temp ClassLoader [null] into BootstrapContext; was [org.springframework.instrument.classloading.SimpleThrowawayClassLoader@48126a17]
2024-04-25T13:03:07.219-04:00 DEBUG 19676 --- [usuarios] [           main] o.h.boot.internal.ClassLoaderAccessImpl  : ClassLoaderAccessImpl#injectTempClassLoader(null) [was org.springframework.instrument.classloading.SimpleThrowawayClassLoader@48126a17]
2024-04-25T13:03:07.235-04:00  INFO 19676 --- [usuarios] [           main] com.zaxxer.hikari.HikariDataSource       : HikariPool-1 - Starting...
2024-04-25T13:03:07.235-04:00  WARN 19676 --- [usuarios] [           main] c.zaxxer.hikari.util.DriverDataSource    : Registered driver with driverClassName=oracle.jdbc.driver.OracleDriver was not found, trying direct instantiation.
2024-04-25T13:03:07.426-04:00  INFO 19676 --- [usuarios] [           main] com.zaxxer.hikari.pool.HikariPool        : HikariPool-1 - Added connection oracle.jdbc.driver.T4CConnection@247a8411
2024-04-25T13:03:07.427-04:00  INFO 19676 --- [usuarios] [           main] com.zaxxer.hikari.HikariDataSource       : HikariPool-1 - Start completed.
2024-04-25T13:03:07.429-04:00 DEBUG 19676 --- [usuarios] [           main] o.h.e.j.e.i.JdbcEnvironmentInitiator     : Database ->
       name : Oracle
    version : Oracle Database 21c Express Edition Release 21.0.0.0.0 - Production
Version 21.3.0.0.0
      major : 21
      minor : 0
2024-04-25T13:03:07.430-04:00 DEBUG 19676 --- [usuarios] [           main] o.h.e.j.e.i.JdbcEnvironmentInitiator     : Driver ->
       name : Oracle JDBC driver
    version : 21.9.0.0.0
      major : 21
      minor : 9
2024-04-25T13:03:07.430-04:00 DEBUG 19676 --- [usuarios] [           main] o.h.e.j.e.i.JdbcEnvironmentInitiator     : JDBC version : 4.3
2024-04-25T13:03:07.525-04:00  WARN 19676 --- [usuarios] [           main] org.hibernate.orm.deprecation            : HHH90000025: OracleDialect does not need to be specified explicitly using 'hibernate.dialect' (remove the property setting and it will be selected by default)
2024-04-25T13:03:07.525-04:00 DEBUG 19676 --- [usuarios] [           main] org.hibernate.orm.dialect                : HHH035001: Using dialect: org.hibernate.dialect.OracleDialect, version: 21.0
2024-04-25T13:03:07.551-04:00 DEBUG 19676 --- [usuarios] [           main] o.h.t.d.jdbc.spi.JdbcTypeRegistry        : addDescriptor(NCharTypeDescriptor) replaced previous registration(CharTypeDescriptor)
2024-04-25T13:03:07.551-04:00 DEBUG 19676 --- [usuarios] [           main] o.h.t.d.jdbc.spi.JdbcTypeRegistry        : addDescriptor(NVarcharTypeDescriptor) replaced previous registration(VarcharTypeDescriptor)
2024-04-25T13:03:07.551-04:00 DEBUG 19676 --- [usuarios] [           main] o.h.t.d.jdbc.spi.JdbcTypeRegistry        : addDescriptor(LongNVarcharTypeDescriptor) replaced previous registration(LongVarcharTypeDescriptor)
2024-04-25T13:03:07.552-04:00 DEBUG 19676 --- [usuarios] [           main] o.h.t.d.jdbc.spi.JdbcTypeRegistry        : addDescriptor(NClobTypeDescriptor(DEFAULT)) replaced previous registration(ClobTypeDescriptor(DEFAULT))
2024-04-25T13:03:07.552-04:00 DEBUG 19676 --- [usuarios] [           main] o.h.t.d.jdbc.spi.JdbcTypeRegistry        : addDescriptor(2005, ClobTypeDescriptor(STREAM_BINDING)) replaced previous registration(ClobTypeDescriptor(DEFAULT))
2024-04-25T13:03:07.552-04:00 DEBUG 19676 --- [usuarios] [           main] o.h.t.d.jdbc.spi.JdbcTypeRegistry        : addDescriptor(BooleanTypeDescriptor) replaced previous registration(BooleanTypeDescriptor)
2024-04-25T13:03:07.557-04:00 DEBUG 19676 --- [usuarios] [           main] org.hibernate.type.BasicTypeRegistry     : Adding type registration null -> org.hibernate.type.NullType@3b7b099b
2024-04-25T13:03:07.557-04:00 DEBUG 19676 --- [usuarios] [           main] org.hibernate.type.BasicTypeRegistry     : Type registration key [null] overrode previous entry : `org.hibernate.type.NullType@6f7c4e0`
2024-04-25T13:03:07.557-04:00 DEBUG 19676 --- [usuarios] [           main] org.hibernate.type.BasicTypeRegistry     : Adding type registration JAVA_OBJECT -> org.hibernate.type.JavaObjectType@3d67e3d3
2024-04-25T13:03:07.557-04:00 DEBUG 19676 --- [usuarios] [           main] org.hibernate.type.BasicTypeRegistry     : Adding type registration java.lang.Object -> org.hibernate.type.JavaObjectType@3d67e3d3
2024-04-25T13:03:07.557-04:00 DEBUG 19676 --- [usuarios] [           main] org.hibernate.type.BasicTypeRegistry     : Type registration key [java.lang.Object] overrode previous entry : `org.hibernate.type.JavaObjectType@2fd8b081`
2024-04-25T13:03:07.560-04:00 DEBUG 19676 --- [usuarios] [           main] org.hibernate.type.BasicTypeRegistry     : Adding type registration org.hibernate.type.DurationType -> basicType@1(java.time.Duration,3015)
2024-04-25T13:03:07.560-04:00 DEBUG 19676 --- [usuarios] [           main] org.hibernate.type.BasicTypeRegistry     : Adding type registration Duration -> basicType@1(java.time.Duration,3015)
2024-04-25T13:03:07.560-04:00 DEBUG 19676 --- [usuarios] [           main] org.hibernate.type.BasicTypeRegistry     : Adding type registration java.time.Duration -> basicType@1(java.time.Duration,3015)
2024-04-25T13:03:07.564-04:00 DEBUG 19676 --- [usuarios] [           main] o.h.type.spi.TypeConfiguration$Scope     : Scoping TypeConfiguration [org.hibernate.type.spi.TypeConfiguration@43c64d6f] to MetadataBuildingContext [org.hibernate.boot.internal.MetadataBuildingContextRootImpl@6b247ef6]
2024-04-25T13:03:07.583-04:00 DEBUG 19676 --- [usuarios] [           main] o.h.boot.model.relational.Namespace      : Created database namespace [logicalName=Name{catalog=null, schema=null}, physicalName=Name{catalog=null, schema=null}]
2024-04-25T13:03:07.595-04:00 DEBUG 19676 --- [usuarios] [           main] o.h.boot.model.internal.EntityBinder     : Binding entity from annotated class: com.simonky.usuarios.model.Direccion
2024-04-25T13:03:07.599-04:00 DEBUG 19676 --- [usuarios] [           main] o.h.boot.model.internal.EntityBinder     : Import with entity name Direccion
2024-04-25T13:03:07.602-04:00 DEBUG 19676 --- [usuarios] [           main] o.h.boot.model.internal.EntityBinder     : Bind entity com.simonky.usuarios.model.Direccion on table direccion
2024-04-25T13:03:07.607-04:00 DEBUG 19676 --- [usuarios] [           main] o.h.boot.model.internal.AnnotatedColumn  : Binding column: AnnotatedDiscriminatorColumn(column='DTYPE')
2024-04-25T13:03:07.613-04:00 DEBUG 19676 --- [usuarios] [           main] o.h.boot.model.internal.AnnotatedColumn  : Binding column: AnnotatedColumn(column='id')
2024-04-25T13:03:07.614-04:00 DEBUG 19676 --- [usuarios] [           main] o.h.boot.internal.ClassLoaderAccessImpl  : Not known whether passed class name [com.simonky.usuarios.model.Direccion] is safe
2024-04-25T13:03:07.614-04:00 DEBUG 19676 --- [usuarios] [           main] o.h.boot.internal.ClassLoaderAccessImpl  : No temp ClassLoader provided; using live ClassLoader for loading potentially unsafe class : com.simonky.usuarios.model.Direccion
2024-04-25T13:03:07.616-04:00 DEBUG 19676 --- [usuarios] [           main] o.h.boot.model.internal.PropertyBinder   : MetadataSourceProcessor property id with lazy=false
2024-04-25T13:03:07.618-04:00 DEBUG 19676 --- [usuarios] [           main] o.h.b.m.internal.AbstractPropertyHolder  : Attempting to locate auto-apply AttributeConverter for property [com.simonky.usuarios.model.Direccion:id]
2024-04-25T13:03:07.619-04:00 DEBUG 19676 --- [usuarios] [           main] o.h.b.model.internal.BasicValueBinder    : building BasicValue for id
2024-04-25T13:03:07.620-04:00 DEBUG 19676 --- [usuarios] [           main] org.hibernate.mapping.BasicValue         : Skipping column re-registration: direccion.id
2024-04-25T13:03:07.620-04:00 DEBUG 19676 --- [usuarios] [           main] o.h.boot.model.internal.PropertyBinder   : Building property id
2024-04-25T13:03:07.621-04:00 DEBUG 19676 --- [usuarios] [           main] o.h.boot.model.internal.BinderHelper     : #makeIdGenerator(BasicValue([Column(id)]), id, identity, , ...)
2024-04-25T13:03:07.621-04:00 DEBUG 19676 --- [usuarios] [           main] o.h.boot.model.internal.AnnotatedColumn  : Binding column: AnnotatedColumn(column='calle')
2024-04-25T13:03:07.621-04:00 DEBUG 19676 --- [usuarios] [           main] o.h.boot.model.internal.PropertyBinder   : MetadataSourceProcessor property calle with lazy=false
2024-04-25T13:03:07.621-04:00 DEBUG 19676 --- [usuarios] [           main] o.h.b.m.internal.AbstractPropertyHolder  : Attempting to locate auto-apply AttributeConverter for property [com.simonky.usuarios.model.Direccion:calle]
2024-04-25T13:03:07.621-04:00 DEBUG 19676 --- [usuarios] [           main] o.h.b.model.internal.BasicValueBinder    : building BasicValue for calle
2024-04-25T13:03:07.621-04:00 DEBUG 19676 --- [usuarios] [           main] org.hibernate.mapping.BasicValue         : Skipping column re-registration: direccion.calle
2024-04-25T13:03:07.621-04:00 DEBUG 19676 --- [usuarios] [           main] o.h.boot.model.internal.PropertyBinder   : Building property calle
2024-04-25T13:03:07.621-04:00 DEBUG 19676 --- [usuarios] [           main] o.h.boot.model.internal.AnnotatedColumn  : Binding column: AnnotatedColumn(column='ciudad')
2024-04-25T13:03:07.621-04:00 DEBUG 19676 --- [usuarios] [           main] o.h.boot.model.internal.PropertyBinder   : MetadataSourceProcessor property ciudad with lazy=false
2024-04-25T13:03:07.621-04:00 DEBUG 19676 --- [usuarios] [           main] o.h.b.m.internal.AbstractPropertyHolder  : Attempting to locate auto-apply AttributeConverter for property [com.simonky.usuarios.model.Direccion:ciudad]
2024-04-25T13:03:07.621-04:00 DEBUG 19676 --- [usuarios] [           main] o.h.b.model.internal.BasicValueBinder    : building BasicValue for ciudad
2024-04-25T13:03:07.621-04:00 DEBUG 19676 --- [usuarios] [           main] org.hibernate.mapping.BasicValue         : Skipping column re-registration: direccion.ciudad
2024-04-25T13:03:07.621-04:00 DEBUG 19676 --- [usuarios] [           main] o.h.boot.model.internal.PropertyBinder   : Building property ciudad
2024-04-25T13:03:07.621-04:00 DEBUG 19676 --- [usuarios] [           main] o.h.boot.model.internal.AnnotatedColumn  : Binding column: AnnotatedColumn(column='pais')
2024-04-25T13:03:07.621-04:00 DEBUG 19676 --- [usuarios] [           main] o.h.boot.model.internal.PropertyBinder   : MetadataSourceProcessor property pais with lazy=false
2024-04-25T13:03:07.621-04:00 DEBUG 19676 --- [usuarios] [           main] o.h.b.m.internal.AbstractPropertyHolder  : Attempting to locate auto-apply AttributeConverter for property [com.simonky.usuarios.model.Direccion:pais]
2024-04-25T13:03:07.621-04:00 DEBUG 19676 --- [usuarios] [           main] o.h.b.model.internal.BasicValueBinder    : building BasicValue for pais
2024-04-25T13:03:07.621-04:00 DEBUG 19676 --- [usuarios] [           main] org.hibernate.mapping.BasicValue         : Skipping column re-registration: direccion.pais
2024-04-25T13:03:07.621-04:00 DEBUG 19676 --- [usuarios] [           main] o.h.boot.model.internal.PropertyBinder   : Building property pais
2024-04-25T13:03:07.621-04:00 DEBUG 19676 --- [usuarios] [           main] o.h.boot.model.internal.AnnotatedColumn  : Binding column: AnnotatedColumn(column='usuario_id')
2024-04-25T13:03:07.621-04:00 DEBUG 19676 --- [usuarios] [           main] o.h.boot.model.internal.PropertyBinder   : MetadataSourceProcessor property usuarioId with lazy=false
2024-04-25T13:03:07.621-04:00 DEBUG 19676 --- [usuarios] [           main] o.h.b.m.internal.AbstractPropertyHolder  : Attempting to locate auto-apply AttributeConverter for property [com.simonky.usuarios.model.Direccion:usuarioId]
2024-04-25T13:03:07.621-04:00 DEBUG 19676 --- [usuarios] [           main] o.h.b.model.internal.BasicValueBinder    : building BasicValue for usuarioId
2024-04-25T13:03:07.621-04:00 DEBUG 19676 --- [usuarios] [           main] org.hibernate.mapping.BasicValue         : Skipping column re-registration: direccion.usuario_id
2024-04-25T13:03:07.621-04:00 DEBUG 19676 --- [usuarios] [           main] o.h.boot.model.internal.PropertyBinder   : Building property usuarioId
2024-04-25T13:03:07.621-04:00 DEBUG 19676 --- [usuarios] [           main] o.h.boot.model.internal.AnnotatedColumn  : Binding column: AnnotatedColumn(column='zipcode')
2024-04-25T13:03:07.621-04:00 DEBUG 19676 --- [usuarios] [           main] o.h.boot.model.internal.PropertyBinder   : MetadataSourceProcessor property zipcode with lazy=false
2024-04-25T13:03:07.621-04:00 DEBUG 19676 --- [usuarios] [           main] o.h.b.m.internal.AbstractPropertyHolder  : Attempting to locate auto-apply AttributeConverter for property [com.simonky.usuarios.model.Direccion:zipcode]
2024-04-25T13:03:07.621-04:00 DEBUG 19676 --- [usuarios] [           main] o.h.b.model.internal.BasicValueBinder    : building BasicValue for zipcode
2024-04-25T13:03:07.621-04:00 DEBUG 19676 --- [usuarios] [           main] org.hibernate.mapping.BasicValue         : Skipping column re-registration: direccion.zipcode
2024-04-25T13:03:07.621-04:00 DEBUG 19676 --- [usuarios] [           main] o.h.boot.model.internal.PropertyBinder   : Building property zipcode
2024-04-25T13:03:07.621-04:00 DEBUG 19676 --- [usuarios] [           main] o.h.b.r.c.i.ClassLoaderServiceImpl       : HHH000194: Package not found or wo package-info.java: com.simonky.usuarios.model
2024-04-25T13:03:07.621-04:00 DEBUG 19676 --- [usuarios] [           main] o.h.boot.model.internal.EntityBinder     : Binding entity from annotated class: com.simonky.usuarios.model.Rol
2024-04-25T13:03:07.621-04:00 DEBUG 19676 --- [usuarios] [           main] o.h.boot.model.internal.EntityBinder     : Import with entity name Rol
2024-04-25T13:03:07.621-04:00 DEBUG 19676 --- [usuarios] [           main] o.h.boot.model.internal.EntityBinder     : Bind entity com.simonky.usuarios.model.Rol on table rol
2024-04-25T13:03:07.621-04:00 DEBUG 19676 --- [usuarios] [           main] o.h.boot.model.internal.AnnotatedColumn  : Binding column: AnnotatedDiscriminatorColumn(column='DTYPE')
2024-04-25T13:03:07.621-04:00 DEBUG 19676 --- [usuarios] [           main] o.h.boot.model.internal.AnnotatedColumn  : Binding column: AnnotatedColumn(column='id')
2024-04-25T13:03:07.621-04:00 DEBUG 19676 --- [usuarios] [           main] o.h.boot.internal.ClassLoaderAccessImpl  : Not known whether passed class name [com.simonky.usuarios.model.Rol] is safe
2024-04-25T13:03:07.621-04:00 DEBUG 19676 --- [usuarios] [           main] o.h.boot.internal.ClassLoaderAccessImpl  : No temp ClassLoader provided; using live ClassLoader for loading potentially unsafe class : com.simonky.usuarios.model.Rol
2024-04-25T13:03:07.621-04:00 DEBUG 19676 --- [usuarios] [           main] o.h.boot.model.internal.PropertyBinder   : MetadataSourceProcessor property id with lazy=false
2024-04-25T13:03:07.621-04:00 DEBUG 19676 --- [usuarios] [           main] o.h.b.m.internal.AbstractPropertyHolder  : Attempting to locate auto-apply AttributeConverter for property [com.simonky.usuarios.model.Rol:id]
2024-04-25T13:03:07.621-04:00 DEBUG 19676 --- [usuarios] [           main] o.h.b.model.internal.BasicValueBinder    : building BasicValue for id
2024-04-25T13:03:07.621-04:00 DEBUG 19676 --- [usuarios] [           main] org.hibernate.mapping.BasicValue         : Skipping column re-registration: rol.id
2024-04-25T13:03:07.621-04:00 DEBUG 19676 --- [usuarios] [           main] o.h.boot.model.internal.PropertyBinder   : Building property id
2024-04-25T13:03:07.621-04:00 DEBUG 19676 --- [usuarios] [           main] o.h.boot.model.internal.BinderHelper     : #makeIdGenerator(BasicValue([Column(id)]), id, identity, , ...)
2024-04-25T13:03:07.621-04:00 DEBUG 19676 --- [usuarios] [           main] o.h.boot.model.internal.AnnotatedColumn  : Binding column: AnnotatedColumn(column='nombre')
2024-04-25T13:03:07.621-04:00 DEBUG 19676 --- [usuarios] [           main] o.h.boot.model.internal.PropertyBinder   : MetadataSourceProcessor property nombre with lazy=false
2024-04-25T13:03:07.621-04:00 DEBUG 19676 --- [usuarios] [           main] o.h.b.m.internal.AbstractPropertyHolder  : Attempting to locate auto-apply AttributeConverter for property [com.simonky.usuarios.model.Rol:nombre]
2024-04-25T13:03:07.621-04:00 DEBUG 19676 --- [usuarios] [           main] o.h.b.model.internal.BasicValueBinder    : building BasicValue for nombre
2024-04-25T13:03:07.621-04:00 DEBUG 19676 --- [usuarios] [           main] org.hibernate.mapping.BasicValue         : Skipping column re-registration: rol.nombre
2024-04-25T13:03:07.621-04:00 DEBUG 19676 --- [usuarios] [           main] o.h.boot.model.internal.PropertyBinder   : Building property nombre
2024-04-25T13:03:07.621-04:00 DEBUG 19676 --- [usuarios] [           main] o.h.b.r.c.i.ClassLoaderServiceImpl       : HHH000194: Package not found or wo package-info.java: com.simonky.usuarios.model
2024-04-25T13:03:07.621-04:00 DEBUG 19676 --- [usuarios] [           main] o.h.boot.model.internal.EntityBinder     : Binding entity from annotated class: com.simonky.usuarios.model.Usuario
2024-04-25T13:03:07.621-04:00 DEBUG 19676 --- [usuarios] [           main] o.h.boot.model.internal.EntityBinder     : Import with entity name Usuario
2024-04-25T13:03:07.621-04:00 DEBUG 19676 --- [usuarios] [           main] o.h.boot.model.internal.EntityBinder     : Bind entity com.simonky.usuarios.model.Usuario on table usuario
2024-04-25T13:03:07.621-04:00 DEBUG 19676 --- [usuarios] [           main] o.h.boot.model.internal.AnnotatedColumn  : Binding column: AnnotatedDiscriminatorColumn(column='DTYPE')
2024-04-25T13:03:07.621-04:00 DEBUG 19676 --- [usuarios] [           main] o.h.boot.model.internal.AnnotatedColumn  : Binding column: AnnotatedColumn(column='id')
2024-04-25T13:03:07.621-04:00 DEBUG 19676 --- [usuarios] [           main] o.h.boot.internal.ClassLoaderAccessImpl  : Not known whether passed class name [com.simonky.usuarios.model.Usuario] is safe
2024-04-25T13:03:07.621-04:00 DEBUG 19676 --- [usuarios] [           main] o.h.boot.internal.ClassLoaderAccessImpl  : No temp ClassLoader provided; using live ClassLoader for loading potentially unsafe class : com.simonky.usuarios.model.Usuario
2024-04-25T13:03:07.621-04:00 DEBUG 19676 --- [usuarios] [           main] o.h.boot.model.internal.PropertyBinder   : MetadataSourceProcessor property id with lazy=false
2024-04-25T13:03:07.621-04:00 DEBUG 19676 --- [usuarios] [           main] o.h.b.m.internal.AbstractPropertyHolder  : Attempting to locate auto-apply AttributeConverter for property [com.simonky.usuarios.model.Usuario:id]
2024-04-25T13:03:07.621-04:00 DEBUG 19676 --- [usuarios] [           main] o.h.b.model.internal.BasicValueBinder    : building BasicValue for id
2024-04-25T13:03:07.621-04:00 DEBUG 19676 --- [usuarios] [           main] org.hibernate.mapping.BasicValue         : Skipping column re-registration: usuario.id
2024-04-25T13:03:07.621-04:00 DEBUG 19676 --- [usuarios] [           main] o.h.boot.model.internal.PropertyBinder   : Building property id
2024-04-25T13:03:07.621-04:00 DEBUG 19676 --- [usuarios] [           main] o.h.boot.model.internal.BinderHelper     : #makeIdGenerator(BasicValue([Column(id)]), id, identity, , ...)
2024-04-25T13:03:07.621-04:00 DEBUG 19676 --- [usuarios] [           main] o.h.boot.model.internal.AnnotatedColumn  : Binding column: AnnotatedJoinColumn(column='usuario_id')
2024-04-25T13:03:07.621-04:00 DEBUG 19676 --- [usuarios] [           main] o.h.boot.model.internal.AnnotatedColumn  : Binding column: AnnotatedColumn()
2024-04-25T13:03:07.637-04:00 DEBUG 19676 --- [usuarios] [           main] o.h.boot.model.internal.AnnotatedColumn  : Binding column: IndexColumn(column='direcciones_ORDER')
2024-04-25T13:03:07.638-04:00 DEBUG 19676 --- [usuarios] [           main] o.h.boot.model.internal.AnnotatedColumn  : Binding column: AnnotatedColumn()
2024-04-25T13:03:07.639-04:00 DEBUG 19676 --- [usuarios] [           main] o.h.boot.model.internal.AnnotatedColumn  : Binding column: AnnotatedColumn(column='direcciones_KEY')
2024-04-25T13:03:07.639-04:00 DEBUG 19676 --- [usuarios] [           main] o.h.boot.model.internal.AnnotatedColumn  : Binding column: AnnotatedJoinColumn(column='direcciones_KEY')
2024-04-25T13:03:07.640-04:00 DEBUG 19676 --- [usuarios] [           main] o.h.boot.model.internal.AnnotatedColumn  : Binding column: AnnotatedJoinColumn()
2024-04-25T13:03:07.640-04:00 DEBUG 19676 --- [usuarios] [           main] o.h.boot.model.internal.AnnotatedColumn  : Binding column: AnnotatedJoinColumn()
2024-04-25T13:03:07.641-04:00 DEBUG 19676 --- [usuarios] [           main] o.h.b.model.internal.CollectionBinder    : Collection role: com.simonky.usuarios.model.Usuario.direcciones
2024-04-25T13:03:07.641-04:00 DEBUG 19676 --- [usuarios] [           main] o.h.boot.model.internal.PropertyBinder   : Building property direcciones
2024-04-25T13:03:07.642-04:00 DEBUG 19676 --- [usuarios] [           main] o.h.boot.model.internal.AnnotatedColumn  : Binding column: AnnotatedColumn(column='email')
2024-04-25T13:03:07.642-04:00 DEBUG 19676 --- [usuarios] [           main] o.h.boot.model.internal.PropertyBinder   : MetadataSourceProcessor property email with lazy=false
2024-04-25T13:03:07.642-04:00 DEBUG 19676 --- [usuarios] [           main] o.h.b.m.internal.AbstractPropertyHolder  : Attempting to locate auto-apply AttributeConverter for property [com.simonky.usuarios.model.Usuario:email]
2024-04-25T13:03:07.642-04:00 DEBUG 19676 --- [usuarios] [           main] o.h.b.model.internal.BasicValueBinder    : building BasicValue for email
2024-04-25T13:03:07.642-04:00 DEBUG 19676 --- [usuarios] [           main] org.hibernate.mapping.BasicValue         : Skipping column re-registration: usuario.email
2024-04-25T13:03:07.642-04:00 DEBUG 19676 --- [usuarios] [           main] o.h.boot.model.internal.PropertyBinder   : Building property email
2024-04-25T13:03:07.642-04:00 DEBUG 19676 --- [usuarios] [           main] o.h.boot.model.internal.AnnotatedColumn  : Binding column: AnnotatedColumn(column='nombre')
2024-04-25T13:03:07.642-04:00 DEBUG 19676 --- [usuarios] [           main] o.h.boot.model.internal.PropertyBinder   : MetadataSourceProcessor property nombre with lazy=false
2024-04-25T13:03:07.642-04:00 DEBUG 19676 --- [usuarios] [           main] o.h.b.m.internal.AbstractPropertyHolder  : Attempting to locate auto-apply AttributeConverter for property [com.simonky.usuarios.model.Usuario:nombre]
2024-04-25T13:03:07.642-04:00 DEBUG 19676 --- [usuarios] [           main] o.h.b.model.internal.BasicValueBinder    : building BasicValue for nombre
2024-04-25T13:03:07.642-04:00 DEBUG 19676 --- [usuarios] [           main] org.hibernate.mapping.BasicValue         : Skipping column re-registration: usuario.nombre
2024-04-25T13:03:07.642-04:00 DEBUG 19676 --- [usuarios] [           main] o.h.boot.model.internal.PropertyBinder   : Building property nombre
2024-04-25T13:03:07.643-04:00 DEBUG 19676 --- [usuarios] [           main] o.h.boot.model.internal.AnnotatedColumn  : Binding column: AnnotatedColumn(column='password')
2024-04-25T13:03:07.643-04:00 DEBUG 19676 --- [usuarios] [           main] o.h.boot.model.internal.PropertyBinder   : MetadataSourceProcessor property password with lazy=false
2024-04-25T13:03:07.643-04:00 DEBUG 19676 --- [usuarios] [           main] o.h.b.m.internal.AbstractPropertyHolder  : Attempting to locate auto-apply AttributeConverter for property [com.simonky.usuarios.model.Usuario:password]
2024-04-25T13:03:07.643-04:00 DEBUG 19676 --- [usuarios] [           main] o.h.b.model.internal.BasicValueBinder    : building BasicValue for password
2024-04-25T13:03:07.643-04:00 DEBUG 19676 --- [usuarios] [           main] org.hibernate.mapping.BasicValue         : Skipping column re-registration: usuario.password
2024-04-25T13:03:07.643-04:00 DEBUG 19676 --- [usuarios] [           main] o.h.boot.model.internal.PropertyBinder   : Building property password
[...]
         - @ConditionalOnSingleCandidate (types: org.springframework.transaction.ReactiveTransactionManager; SearchStrategy: all) did not find any beans (OnBeanCondition)

   TransactionAutoConfiguration.AspectJTransactionManagementConfiguration:
      Did not match:
         - @ConditionalOnBean (types: org.springframework.transaction.aspectj.AbstractTransactionAspect; SearchStrategy: all) did not find any beans of type org.springframework.transaction.aspectj.AbstractTransactionAspect (OnBeanCondition)

   TransactionAutoConfiguration.EnableTransactionManagementConfiguration.JdkDynamicAutoProxyConfiguration:
      Did not match:
         - @ConditionalOnProperty (spring.aop.proxy-target-class=false) did not find property 'proxy-target-class' (OnPropertyCondition)


Exclusions:
-----------

    None


Unconditional classes:
----------------------

    org.springframework.boot.test.autoconfigure.jdbc.TestDatabaseAutoConfiguration



2024-04-25T13:03:08.506-04:00  INFO 19676 --- [usuarios] [           main] c.s.u.repository.UsuarioRepositoryTest   : Started UsuarioRepositoryTest in 2.093 seconds (process running for 5.299)
2024-04-25T13:03:08.506-04:00 DEBUG 19676 --- [usuarios] [           main] org.springframework.test.context.cache   : Spring test ApplicationContext cache statistics: [DefaultContextCache@6e73974 size = 2, maxSize = 32, parentContextCount = 0, hitCount = 24, missCount = 2, failureCount = 0]
2024-04-25T13:03:08.521-04:00 DEBUG 19676 --- [usuarios] [           main] org.springframework.test.context.cache   : Spring test ApplicationContext cache statistics: [DefaultContextCache@6e73974 size = 2, maxSize = 32, parentContextCount = 0, hitCount = 25, missCount = 2, failureCount = 0]
2024-04-25T13:03:08.521-04:00 DEBUG 19676 --- [usuarios] [           main] sContextBeforeModesTestExecutionListener : Before test method: class [UsuarioRepositoryTest], method [eliminarPelicula], class annotated with @DirtiesContext [false] with mode [null], method annotated with @DirtiesContext [false] with mode [null]
2024-04-25T13:03:08.521-04:00 DEBUG 19676 --- [usuarios] [           main] t.c.t.TransactionalTestExecutionListener : Explicit transaction definition [PROPAGATION_REQUIRED,ISOLATION_DEFAULT] found for test class [com.simonky.usuarios.repository.UsuarioRepositoryTest] and test method [eliminarPelicula]
2024-04-25T13:03:08.521-04:00 DEBUG 19676 --- [usuarios] [           main] org.springframework.test.context.cache   : Spring test ApplicationContext cache statistics: [DefaultContextCache@6e73974 size = 2, maxSize = 32, parentContextCount = 0, hitCount = 26, missCount = 2, failureCount = 0]
2024-04-25T13:03:08.521-04:00 DEBUG 19676 --- [usuarios] [           main] t.c.t.TransactionalTestExecutionListener : No method-level @Rollback override: using default rollback [true] for test method [public void com.simonky.usuarios.repository.UsuarioRepositoryTest.eliminarPelicula()]
2024-04-25T13:03:08.526-04:00 DEBUG 19676 --- [usuarios] [           main] o.s.orm.jpa.JpaTransactionManager        : Creating new transaction with name [com.simonky.usuarios.repository.UsuarioRepositoryTest.eliminarPelicula]: PROPAGATION_REQUIRED,ISOLATION_DEFAULT
2024-04-25T13:03:08.526-04:00 DEBUG 19676 --- [usuarios] [           main] o.s.orm.jpa.JpaTransactionManager        : Opened new EntityManager [SessionImpl(313541643<open>)] for JPA transaction
2024-04-25T13:03:08.528-04:00 DEBUG 19676 --- [usuarios] [           main] o.h.e.t.internal.TransactionImpl         : On TransactionImpl creation, JpaCompliance#isJpaTransactionComplianceEnabled == false
2024-04-25T13:03:08.528-04:00 DEBUG 19676 --- [usuarios] [           main] o.h.e.t.internal.TransactionImpl         : begin
2024-04-25T13:03:08.528-04:00 DEBUG 19676 --- [usuarios] [           main] o.s.orm.jpa.JpaTransactionManager        : Exposing JPA transaction as JDBC [org.springframework.orm.jpa.vendor.HibernateJpaDialect$HibernateConnectionHandle@62a9d176]
2024-04-25T13:03:08.529-04:00 DEBUG 19676 --- [usuarios] [           main] o.s.t.c.transaction.TransactionContext   : Began transaction (1) for test class [com.simonky.usuarios.repository.UsuarioRepositoryTest]; test method [eliminarPelicula]; transaction manager [org.springframework.orm.jpa.JpaTransactionManager@781befe7]; rollback [true]
2024-04-25T13:03:08.529-04:00 DEBUG 19676 --- [usuarios] [           main] org.springframework.test.context.cache   : Spring test ApplicationContext cache statistics: [DefaultContextCache@6e73974 size = 2, maxSize = 32, parentContextCount = 0, hitCount = 27, missCount = 2, failureCount = 0]
2024-04-25T13:03:08.529-04:00 DEBUG 19676 --- [usuarios] [           main] org.springframework.test.context.cache   : Spring test ApplicationContext cache statistics: [DefaultContextCache@6e73974 size = 2, maxSize = 32, parentContextCount = 0, hitCount = 28, missCount = 2, failureCount = 0]
2024-04-25T13:03:08.529-04:00 DEBUG 19676 --- [usuarios] [           main] org.springframework.test.context.cache   : Spring test ApplicationContext cache statistics: [DefaultContextCache@6e73974 size = 2, maxSize = 32, parentContextCount = 0, hitCount = 29, missCount = 2, failureCount = 0]
2024-04-25T13:03:08.531-04:00 DEBUG 19676 --- [usuarios] [           main] o.s.orm.jpa.JpaTransactionManager        : Found thread-bound EntityManager [SessionImpl(313541643<open>)] for JPA transaction
2024-04-25T13:03:08.531-04:00 DEBUG 19676 --- [usuarios] [           main] o.s.orm.jpa.JpaTransactionManager        : Participating in existing transaction
2024-04-25T13:03:08.533-04:00 DEBUG 19676 --- [usuarios] [           main] o.h.j.internal.PersistenceUnitUtilImpl   : jakarta.persistence.PersistenceUnitUtil.getIdentifier is only intended to work with enhanced entities (although Hibernate also adapts this support to its proxies); however the passed entity was not enhanced (nor a proxy).. may not be able to read identifier
2024-04-25T13:03:08.539-04:00 DEBUG 19676 --- [usuarios] [           main] org.hibernate.engine.spi.ActionQueue     : Executing identity-insert immediately
2024-04-25T13:03:08.564-04:00 DEBUG 19676 --- [usuarios] [           main] org.hibernate.SQL                        : insert into usuario (email,nombre,password,id) values (?,?,?,default)
Hibernate: insert into usuario (email,nombre,password,id) values (?,?,?,default)
2024-04-25T13:03:08.589-04:00 DEBUG 19676 --- [usuarios] [           main] o.h.id.IdentifierGeneratorHelper         : Natively generated identity (com.simonky.usuarios.model.Usuario) : 1
2024-04-25T13:03:08.592-04:00 DEBUG 19676 --- [usuarios] [           main] o.s.orm.jpa.JpaTransactionManager        : Found thread-bound EntityManager [SessionImpl(313541643<open>)] for JPA transaction
2024-04-25T13:03:08.592-04:00 DEBUG 19676 --- [usuarios] [           main] o.s.orm.jpa.JpaTransactionManager        : Participating in existing transaction
2024-04-25T13:03:08.596-04:00 DEBUG 19676 --- [usuarios] [           main] o.h.j.internal.PersistenceUnitUtilImpl   : jakarta.persistence.PersistenceUnitUtil.getIdentifier is only intended to work with enhanced entities (although Hibernate also adapts this support to its proxies); however the passed entity was not enhanced (nor a proxy).. may not be able to read identifier
2024-04-25T13:03:08.597-04:00 DEBUG 19676 --- [usuarios] [           main] o.h.j.internal.PersistenceUnitUtilImpl   : jakarta.persistence.PersistenceUnitUtil.getIdentifier is only intended to work with enhanced entities (although Hibernate also adapts this support to its proxies); however the passed entity was not enhanced (nor a proxy).. may not be able to read identifier
2024-04-25T13:03:08.598-04:00 DEBUG 19676 --- [usuarios] [           main] o.s.orm.jpa.JpaTransactionManager        : Found thread-bound EntityManager [SessionImpl(313541643<open>)] for JPA transaction
2024-04-25T13:03:08.598-04:00 DEBUG 19676 --- [usuarios] [           main] o.s.orm.jpa.JpaTransactionManager        : Participating in existing transaction
2024-04-25T13:03:08.600-04:00 DEBUG 19676 --- [usuarios] [           main] org.hibernate.orm.results.loading        : Load request found matching entity in context, but it is scheduled for removal; returning null
2024-04-25T13:03:08.600-04:00 DEBUG 19676 --- [usuarios] [           main] org.springframework.test.context.cache   : Spring test ApplicationContext cache statistics: [DefaultContextCache@6e73974 size = 2, maxSize = 32, parentContextCount = 0, hitCount = 30, missCount = 2, failureCount = 0]
2024-04-25T13:03:08.600-04:00 DEBUG 19676 --- [usuarios] [           main] org.springframework.test.context.cache   : Spring test ApplicationContext cache statistics: [DefaultContextCache@6e73974 size = 2, maxSize = 32, parentContextCount = 0, hitCount = 31, missCount = 2, failureCount = 0]
2024-04-25T13:03:08.600-04:00 DEBUG 19676 --- [usuarios] [           main] org.springframework.test.context.cache   : Spring test ApplicationContext cache statistics: [DefaultContextCache@6e73974 size = 2, maxSize = 32, parentContextCount = 0, hitCount = 32, missCount = 2, failureCount = 0]
2024-04-25T13:03:08.600-04:00 DEBUG 19676 --- [usuarios] [           main] org.springframework.test.context.cache   : Spring test ApplicationContext cache statistics: [DefaultContextCache@6e73974 size = 2, maxSize = 32, parentContextCount = 0, hitCount = 33, missCount = 2, failureCount = 0]
2024-04-25T13:03:08.600-04:00 DEBUG 19676 --- [usuarios] [           main] org.springframework.test.context.cache   : Spring test ApplicationContext cache statistics: [DefaultContextCache@6e73974 size = 2, maxSize = 32, parentContextCount = 0, hitCount = 34, missCount = 2, failureCount = 0]
2024-04-25T13:03:08.600-04:00 DEBUG 19676 --- [usuarios] [           main] org.springframework.test.context.cache   : Spring test ApplicationContext cache statistics: [DefaultContextCache@6e73974 size = 2, maxSize = 32, parentContextCount = 0, hitCount = 35, missCount = 2, failureCount = 0]
2024-04-25T13:03:08.601-04:00 DEBUG 19676 --- [usuarios] [           main] o.s.orm.jpa.JpaTransactionManager        : Initiating transaction rollback
2024-04-25T13:03:08.601-04:00 DEBUG 19676 --- [usuarios] [           main] o.s.orm.jpa.JpaTransactionManager        : Rolling back JPA transaction on EntityManager [SessionImpl(313541643<open>)]
2024-04-25T13:03:08.601-04:00 DEBUG 19676 --- [usuarios] [           main] o.h.e.t.internal.TransactionImpl         : rolling back
2024-04-25T13:03:08.604-04:00 DEBUG 19676 --- [usuarios] [           main] o.s.orm.jpa.JpaTransactionManager        : Closing JPA EntityManager [SessionImpl(313541643<open>)] after transaction
2024-04-25T13:03:08.604-04:00 DEBUG 19676 --- [usuarios] [           main] o.s.t.c.transaction.TransactionContext   : Rolled back transaction (1) for test class [com.simonky.usuarios.repository.UsuarioRepositoryTest]; test method [eliminarPelicula]
2024-04-25T13:03:08.604-04:00 DEBUG 19676 --- [usuarios] [           main] .c.s.DirtiesContextTestExecutionListener : After test method: class [UsuarioRepositoryTest], method [eliminarPelicula], class annotated with @DirtiesContext [false] with mode [null], method annotated with @DirtiesContext [false] with mode [null]
]]></system-out>
  </testcase>
  <testcase name="guardarPelicula" classname="com.simonky.usuarios.repository.UsuarioRepositoryTest" time="0.006">
    <system-out><![CDATA[2024-04-25T13:03:08.604-04:00 DEBUG 19676 --- [usuarios] [           main] DependencyInjectionTestExecutionListener : Performing dependency injection for test class com.simonky.usuarios.repository.UsuarioRepositoryTest
2024-04-25T13:03:08.604-04:00 DEBUG 19676 --- [usuarios] [           main] org.springframework.test.context.cache   : Spring test ApplicationContext cache statistics: [DefaultContextCache@6e73974 size = 2, maxSize = 32, parentContextCount = 0, hitCount = 36, missCount = 2, failureCount = 0]
2024-04-25T13:03:08.605-04:00 DEBUG 19676 --- [usuarios] [           main] org.springframework.test.context.cache   : Spring test ApplicationContext cache statistics: [DefaultContextCache@6e73974 size = 2, maxSize = 32, parentContextCount = 0, hitCount = 37, missCount = 2, failureCount = 0]
2024-04-25T13:03:08.605-04:00 DEBUG 19676 --- [usuarios] [           main] sContextBeforeModesTestExecutionListener : Before test method: class [UsuarioRepositoryTest], method [guardarPelicula], class annotated with @DirtiesContext [false] with mode [null], method annotated with @DirtiesContext [false] with mode [null]
2024-04-25T13:03:08.605-04:00 DEBUG 19676 --- [usuarios] [           main] t.c.t.TransactionalTestExecutionListener : Explicit transaction definition [PROPAGATION_REQUIRED,ISOLATION_DEFAULT] found for test class [com.simonky.usuarios.repository.UsuarioRepositoryTest] and test method [guardarPelicula]
2024-04-25T13:03:08.605-04:00 DEBUG 19676 --- [usuarios] [           main] org.springframework.test.context.cache   : Spring test ApplicationContext cache statistics: [DefaultContextCache@6e73974 size = 2, maxSize = 32, parentContextCount = 0, hitCount = 38, missCount = 2, failureCount = 0]
2024-04-25T13:03:08.605-04:00 DEBUG 19676 --- [usuarios] [           main] t.c.t.TransactionalTestExecutionListener : No method-level @Rollback override: using default rollback [true] for test method [public void com.simonky.usuarios.repository.UsuarioRepositoryTest.guardarPelicula()]
2024-04-25T13:03:08.605-04:00 DEBUG 19676 --- [usuarios] [           main] o.s.orm.jpa.JpaTransactionManager        : Creating new transaction with name [com.simonky.usuarios.repository.UsuarioRepositoryTest.guardarPelicula]: PROPAGATION_REQUIRED,ISOLATION_DEFAULT
2024-04-25T13:03:08.605-04:00 DEBUG 19676 --- [usuarios] [           main] o.s.orm.jpa.JpaTransactionManager        : Opened new EntityManager [SessionImpl(365067109<open>)] for JPA transaction
2024-04-25T13:03:08.605-04:00 DEBUG 19676 --- [usuarios] [           main] o.h.e.t.internal.TransactionImpl         : On TransactionImpl creation, JpaCompliance#isJpaTransactionComplianceEnabled == false
2024-04-25T13:03:08.605-04:00 DEBUG 19676 --- [usuarios] [           main] o.h.e.t.internal.TransactionImpl         : begin
2024-04-25T13:03:08.605-04:00 DEBUG 19676 --- [usuarios] [           main] o.s.orm.jpa.JpaTransactionManager        : Exposing JPA transaction as JDBC [org.springframework.orm.jpa.vendor.HibernateJpaDialect$HibernateConnectionHandle@106a6420]
2024-04-25T13:03:08.605-04:00 DEBUG 19676 --- [usuarios] [           main] o.s.t.c.transaction.TransactionContext   : Began transaction (1) for test class [com.simonky.usuarios.repository.UsuarioRepositoryTest]; test method [guardarPelicula]; transaction manager [org.springframework.orm.jpa.JpaTransactionManager@781befe7]; rollback [true]
2024-04-25T13:03:08.605-04:00 DEBUG 19676 --- [usuarios] [           main] org.springframework.test.context.cache   : Spring test ApplicationContext cache statistics: [DefaultContextCache@6e73974 size = 2, maxSize = 32, parentContextCount = 0, hitCount = 39, missCount = 2, failureCount = 0]
2024-04-25T13:03:08.605-04:00 DEBUG 19676 --- [usuarios] [           main] org.springframework.test.context.cache   : Spring test ApplicationContext cache statistics: [DefaultContextCache@6e73974 size = 2, maxSize = 32, parentContextCount = 0, hitCount = 40, missCount = 2, failureCount = 0]
2024-04-25T13:03:08.606-04:00 DEBUG 19676 --- [usuarios] [           main] org.springframework.test.context.cache   : Spring test ApplicationContext cache statistics: [DefaultContextCache@6e73974 size = 2, maxSize = 32, parentContextCount = 0, hitCount = 41, missCount = 2, failureCount = 0]
2024-04-25T13:03:08.606-04:00 DEBUG 19676 --- [usuarios] [           main] o.s.orm.jpa.JpaTransactionManager        : Found thread-bound EntityManager [SessionImpl(365067109<open>)] for JPA transaction
2024-04-25T13:03:08.606-04:00 DEBUG 19676 --- [usuarios] [           main] o.s.orm.jpa.JpaTransactionManager        : Participating in existing transaction
2024-04-25T13:03:08.606-04:00 DEBUG 19676 --- [usuarios] [           main] o.h.j.internal.PersistenceUnitUtilImpl   : jakarta.persistence.PersistenceUnitUtil.getIdentifier is only intended to work with enhanced entities (although Hibernate also adapts this support to its proxies); however the passed entity was not enhanced (nor a proxy).. may not be able to read identifier
2024-04-25T13:03:08.606-04:00 DEBUG 19676 --- [usuarios] [           main] org.hibernate.engine.spi.ActionQueue     : Executing identity-insert immediately
2024-04-25T13:03:08.606-04:00 DEBUG 19676 --- [usuarios] [           main] org.hibernate.SQL                        : insert into usuario (email,nombre,password,id) values (?,?,?,default)
Hibernate: insert into usuario (email,nombre,password,id) values (?,?,?,default)
2024-04-25T13:03:08.608-04:00 DEBUG 19676 --- [usuarios] [           main] o.h.id.IdentifierGeneratorHelper         : Natively generated identity (com.simonky.usuarios.model.Usuario) : 2
2024-04-25T13:03:08.609-04:00 DEBUG 19676 --- [usuarios] [           main] org.springframework.test.context.cache   : Spring test ApplicationContext cache statistics: [DefaultContextCache@6e73974 size = 2, maxSize = 32, parentContextCount = 0, hitCount = 42, missCount = 2, failureCount = 0]
2024-04-25T13:03:08.609-04:00 DEBUG 19676 --- [usuarios] [           main] org.springframework.test.context.cache   : Spring test ApplicationContext cache statistics: [DefaultContextCache@6e73974 size = 2, maxSize = 32, parentContextCount = 0, hitCount = 43, missCount = 2, failureCount = 0]
2024-04-25T13:03:08.609-04:00 DEBUG 19676 --- [usuarios] [           main] org.springframework.test.context.cache   : Spring test ApplicationContext cache statistics: [DefaultContextCache@6e73974 size = 2, maxSize = 32, parentContextCount = 0, hitCount = 44, missCount = 2, failureCount = 0]
2024-04-25T13:03:08.609-04:00 DEBUG 19676 --- [usuarios] [           main] org.springframework.test.context.cache   : Spring test ApplicationContext cache statistics: [DefaultContextCache@6e73974 size = 2, maxSize = 32, parentContextCount = 0, hitCount = 45, missCount = 2, failureCount = 0]
2024-04-25T13:03:08.609-04:00 DEBUG 19676 --- [usuarios] [           main] org.springframework.test.context.cache   : Spring test ApplicationContext cache statistics: [DefaultContextCache@6e73974 size = 2, maxSize = 32, parentContextCount = 0, hitCount = 46, missCount = 2, failureCount = 0]
2024-04-25T13:03:08.609-04:00 DEBUG 19676 --- [usuarios] [           main] org.springframework.test.context.cache   : Spring test ApplicationContext cache statistics: [DefaultContextCache@6e73974 size = 2, maxSize = 32, parentContextCount = 0, hitCount = 47, missCount = 2, failureCount = 0]
2024-04-25T13:03:08.609-04:00 DEBUG 19676 --- [usuarios] [           main] o.s.orm.jpa.JpaTransactionManager        : Initiating transaction rollback
2024-04-25T13:03:08.609-04:00 DEBUG 19676 --- [usuarios] [           main] o.s.orm.jpa.JpaTransactionManager        : Rolling back JPA transaction on EntityManager [SessionImpl(365067109<open>)]
2024-04-25T13:03:08.609-04:00 DEBUG 19676 --- [usuarios] [           main] o.h.e.t.internal.TransactionImpl         : rolling back
2024-04-25T13:03:08.611-04:00 DEBUG 19676 --- [usuarios] [           main] o.s.orm.jpa.JpaTransactionManager        : Closing JPA EntityManager [SessionImpl(365067109<open>)] after transaction
2024-04-25T13:03:08.611-04:00 DEBUG 19676 --- [usuarios] [           main] o.s.t.c.transaction.TransactionContext   : Rolled back transaction (1) for test class [com.simonky.usuarios.repository.UsuarioRepositoryTest]; test method [guardarPelicula]
2024-04-25T13:03:08.611-04:00 DEBUG 19676 --- [usuarios] [           main] .c.s.DirtiesContextTestExecutionListener : After test method: class [UsuarioRepositoryTest], method [guardarPelicula], class annotated with @DirtiesContext [false] with mode [null], method annotated with @DirtiesContext [false] with mode [null]
]]></system-out>
  </testcase>
</testsuite>